

================================================================
== Vivado HLS Report for 'bc_mult1'
================================================================
* Date:           Sat Dec 12 17:18:22 2020

* Version:        2019.1 (Build 2552052 on Fri May 24 15:28:33 MDT 2019)
* Project:        sikehls
* Solution:       solution1
* Product family: zynq
* Target device:  xc7z020-clg400-1


================================================================
== Performance Estimates
================================================================
+ Timing (ns): 
    * Summary: 
    +--------+-------+----------+------------+
    |  Clock | Target| Estimated| Uncertainty|
    +--------+-------+----------+------------+
    |ap_clk  |  10.00|     8.316|        1.25|
    +--------+-------+----------+------------+

+ Latency (clock cycles): 
    * Summary: 
    +-----+-----+-----+-----+---------+
    |  Latency  |  Interval | Pipeline|
    | min | max | min | max |   Type  |
    +-----+-----+-----+-----+---------+
    |   73|   73|   73|   73|   none  |
    +-----+-----+-----+-----+---------+

    + Detail: 
        * Instance: 
        N/A

        * Loop: 
        +-----------+-----+-----+----------+-----------+-----------+------+----------+
        |           |  Latency  | Iteration|  Initiation Interval  | Trip |          |
        | Loop Name | min | max |  Latency |  achieved |   target  | Count| Pipelined|
        +-----------+-----+-----+----------+-----------+-----------+------+----------+
        |- loopb2   |   70|   70|        10|          -|          -|     7|    no    |
        | + loopb3  |    7|    7|         5|          -|          -|     1|    no    |
        +-----------+-----+-----+----------+-----------+-----------+------+----------+



================================================================
== Utilization Estimates
================================================================
* Summary: 
+-----------------+---------+-------+--------+-------+-----+
|       Name      | BRAM_18K| DSP48E|   FF   |  LUT  | URAM|
+-----------------+---------+-------+--------+-------+-----+
|DSP              |        -|      4|       -|      -|    -|
|Expression       |        -|      -|       0|   7656|    -|
|FIFO             |        -|      -|       -|      -|    -|
|Instance         |        -|      -|       0|     40|    -|
|Memory           |        -|      -|       -|      -|    -|
|Multiplexer      |        -|      -|       -|    185|    -|
|Register         |        -|      -|    6604|      -|    -|
+-----------------+---------+-------+--------+-------+-----+
|Total            |        0|      4|    6604|   7881|    0|
+-----------------+---------+-------+--------+-------+-----+
|Available        |      280|    220|  106400|  53200|    0|
+-----------------+---------+-------+--------+-------+-----+
|Utilization (%)  |        0|      1|       6|     14|    0|
+-----------------+---------+-------+--------+-------+-----+

+ Detail: 
    * Instance: 
    +-------------------------+----------------------+---------+-------+---+----+-----+
    |         Instance        |        Module        | BRAM_18K| DSP48E| FF| LUT| URAM|
    +-------------------------+----------------------+---------+-------+---+----+-----+
    |mp_mul_mux_73_16_bkb_U9  |mp_mul_mux_73_16_bkb  |        0|      0|  0|  40|    0|
    +-------------------------+----------------------+---------+-------+---+----+-----+
    |Total                    |                      |        0|      0|  0|  40|    0|
    +-------------------------+----------------------+---------+-------+---+----+-----+

    * DSP48E: 
    +--------------------------+----------------------+-----------+
    |         Instance         |        Module        | Expression|
    +--------------------------+----------------------+-----------+
    |mp_mul_mul_mul_16cud_U10  |mp_mul_mul_mul_16cud  |  i0 * i1  |
    |mp_mul_mul_mul_16cud_U11  |mp_mul_mul_mul_16cud  |  i0 * i1  |
    |mp_mul_mul_mul_16cud_U12  |mp_mul_mul_mul_16cud  |  i0 * i1  |
    |mp_mul_mul_mul_16cud_U13  |mp_mul_mul_mul_16cud  |  i0 * i1  |
    +--------------------------+----------------------+-----------+

    * Memory: 
    N/A

    * FIFO: 
    N/A

    * Expression: 
    +---------------------------+----------+-------+---+-----+------------+------------+
    |       Variable Name       | Operation| DSP48E| FF| LUT | Bitwidth P0| Bitwidth P1|
    +---------------------------+----------+-------+---+-----+------------+------------+
    |add_ln251_1_fu_420_p2      |     +    |      0|  0|   13|           4|           4|
    |add_ln251_2_fu_451_p2      |     +    |      0|  0|   13|           4|           4|
    |add_ln251_3_fu_611_p2      |     +    |      0|  0|   13|           4|           4|
    |add_ln251_fu_389_p2        |     +    |      0|  0|   13|           4|           4|
    |add_ln68_15_fu_648_p2      |     +    |      0|  0|  231|         224|         224|
    |add_ln68_16_fu_347_p2      |     +    |      0|  0|  231|         224|         224|
    |add_ln68_17_fu_353_p2      |     +    |      0|  0|  231|         224|         224|
    |add_ln68_18_fu_653_p2      |     +    |      0|  0|  231|         224|         224|
    |add_ln68_fu_341_p2         |     +    |      0|  0|  231|         224|         224|
    |ap_return                  |     +    |      0|  0|  231|         224|         224|
    |i_fu_322_p2                |     +    |      0|  0|   12|           3|           1|
    |sum_0_V_fu_487_p2          |     +    |      0|  0|  231|         224|         224|
    |sum_1_V_fu_520_p2          |     +    |      0|  0|  231|         224|         224|
    |sum_2_V_fu_553_p2          |     +    |      0|  0|  231|         224|         224|
    |sum_3_V_fu_638_p2          |     +    |      0|  0|  231|         224|         224|
    |icmp_ln215_5_fu_400_p2     |   icmp   |      0|  0|    9|           3|           1|
    |icmp_ln215_6_fu_431_p2     |   icmp   |      0|  0|    9|           3|           2|
    |icmp_ln215_fu_369_p2       |   icmp   |      0|  0|    9|           3|           1|
    |icmp_ln246_fu_316_p2       |   icmp   |      0|  0|    9|           3|           2|
    |icmp_ln248_fu_601_p2       |   icmp   |      0|  0|    9|           3|           2|
    |or_ln215_1_fu_425_p2       |    or    |      0|  0|    3|           3|           2|
    |or_ln215_fu_394_p2         |    or    |      0|  0|    3|           3|           1|
    |or_ln248_fu_595_p2         |    or    |      0|  0|    3|           3|           2|
    |select_ln215_5_fu_406_p3   |  select  |      0|  0|   16|           1|          16|
    |select_ln215_6_fu_437_p3   |  select  |      0|  0|   16|           1|          16|
    |select_ln215_fu_375_p3     |  select  |      0|  0|   16|           1|          16|
    |select_ln700_19_fu_513_p3  |  select  |      0|  0|  224|           1|         224|
    |select_ln700_22_fu_546_p3  |  select  |      0|  0|  224|           1|         224|
    |select_ln700_fu_480_p3     |  select  |      0|  0|  224|           1|         224|
    |sum_4_V_5_fu_559_p3        |  select  |      0|  0|  224|           1|         224|
    |sum_4_V_6_fu_565_p3        |  select  |      0|  0|  224|           1|         224|
    |sum_5_V_5_fu_571_p3        |  select  |      0|  0|  224|           1|         224|
    |sum_5_V_6_fu_577_p3        |  select  |      0|  0|  224|           1|         224|
    |sum_6_V_5_fu_583_p3        |  select  |      0|  0|  224|           1|         224|
    |sum_6_V_6_fu_589_p3        |  select  |      0|  0|  224|           1|         224|
    |shl_ln1503_1_fu_507_p2     |    shl   |      0|  0|  822|         224|         224|
    |shl_ln1503_2_fu_540_p2     |    shl   |      0|  0|  822|         224|         224|
    |shl_ln1503_3_fu_633_p2     |    shl   |      0|  0|  822|         224|         224|
    |shl_ln1503_fu_470_p2       |    shl   |      0|  0|  694|         192|         192|
    |xor_ln248_fu_616_p2        |    xor   |      0|  0|    4|           3|           4|
    +---------------------------+----------+-------+---+-----+------------+------------+
    |Total                      |          |      0|  0| 7656|        3162|        5202|
    +---------------------------+----------+-------+---+-----+------------+------------+

    * Multiplexer: 
    +-------------------+----+-----------+-----+-----------+
    |        Name       | LUT| Input Size| Bits| Total Bits|
    +-------------------+----+-----------+-----+-----------+
    |ap_NS_fsm          |  50|         11|    1|         11|
    |i3_0_reg_150       |   9|          2|    3|          6|
    |j_0_0_reg_162      |   9|          2|    3|          6|
    |sum_3_V_3_fu_68    |   9|          2|  224|        448|
    |sum_V_0_0_reg_78   |   9|          2|  224|        448|
    |sum_V_0_1_reg_174  |   9|          2|  224|        448|
    |sum_V_1_0_reg_90   |   9|          2|  224|        448|
    |sum_V_1_1_reg_185  |   9|          2|  224|        448|
    |sum_V_2_0_reg_102  |   9|          2|  224|        448|
    |sum_V_2_1_reg_196  |   9|          2|  224|        448|
    |sum_V_4_0_reg_114  |   9|          2|  224|        448|
    |sum_V_4_1_reg_207  |   9|          2|  224|        448|
    |sum_V_5_0_reg_126  |   9|          2|  224|        448|
    |sum_V_5_1_reg_218  |   9|          2|  224|        448|
    |sum_V_6_0_reg_138  |   9|          2|  224|        448|
    |sum_V_6_1_reg_229  |   9|          2|  224|        448|
    +-------------------+----+-----------+-----+-----------+
    |Total              | 185|         41| 2919|       5847|
    +-------------------+----+-----------+-----+-----------+

    * Register: 
    +-----------------------+-----+----+-----+-----------+
    |          Name         |  FF | LUT| Bits| Const Bits|
    +-----------------------+-----+----+-----+-----------+
    |add_ln251_1_reg_812    |    4|   0|    4|          0|
    |add_ln251_2_reg_829    |    4|   0|    4|          0|
    |add_ln251_3_reg_891    |    4|   0|    4|          0|
    |add_ln251_reg_795      |    4|   0|    4|          0|
    |add_ln68_15_reg_906    |  224|   0|  224|          0|
    |add_ln68_16_reg_753    |  224|   0|  224|          0|
    |add_ln68_17_reg_758    |  224|   0|  224|          0|
    |add_ln68_18_reg_911    |  224|   0|  224|          0|
    |add_ln68_reg_748       |  224|   0|  224|          0|
    |ai_0_V_reg_689         |   16|   0|   16|          0|
    |ai_1_V_reg_695         |   16|   0|   16|          0|
    |ai_2_V_reg_701         |   16|   0|   16|          0|
    |ai_3_V_reg_707         |   16|   0|   16|          0|
    |ai_4_V_reg_712         |   16|   0|   16|          0|
    |ai_5_V_reg_718         |   16|   0|   16|          0|
    |ai_6_V_reg_724         |   16|   0|   16|          0|
    |ap_CS_fsm              |   10|   0|   10|          0|
    |i3_0_reg_150           |    3|   0|    3|          0|
    |i_reg_738              |    3|   0|    3|          0|
    |icmp_ln215_5_reg_800   |    1|   0|    1|          0|
    |icmp_ln215_6_reg_817   |    1|   0|    1|          0|
    |icmp_ln215_reg_783     |    1|   0|    1|          0|
    |j_0_0_reg_162          |    3|   0|    3|          0|
    |mul_ln1352_7_reg_807   |   32|   0|   32|          0|
    |mul_ln1352_8_reg_824   |   32|   0|   32|          0|
    |mul_ln1352_reg_790     |   32|   0|   32|          0|
    |sum_0_V_reg_834        |  224|   0|  224|          0|
    |sum_1_V_reg_840        |  224|   0|  224|          0|
    |sum_2_V_reg_846        |  224|   0|  224|          0|
    |sum_3_V_3_fu_68        |  224|   0|  224|          0|
    |sum_3_V_reg_901        |  224|   0|  224|          0|
    |sum_4_V_5_reg_852      |  224|   0|  224|          0|
    |sum_4_V_6_reg_858      |  224|   0|  224|          0|
    |sum_5_V_5_reg_864      |  224|   0|  224|          0|
    |sum_5_V_6_reg_870      |  224|   0|  224|          0|
    |sum_6_V_5_reg_876      |  224|   0|  224|          0|
    |sum_6_V_6_reg_882      |  224|   0|  224|          0|
    |sum_V_0_0_reg_78       |  224|   0|  224|          0|
    |sum_V_0_1_reg_174      |  224|   0|  224|          0|
    |sum_V_1_0_reg_90       |  224|   0|  224|          0|
    |sum_V_1_1_reg_185      |  224|   0|  224|          0|
    |sum_V_2_0_reg_102      |  224|   0|  224|          0|
    |sum_V_2_1_reg_196      |  224|   0|  224|          0|
    |sum_V_4_0_reg_114      |  224|   0|  224|          0|
    |sum_V_4_1_reg_207      |  224|   0|  224|          0|
    |sum_V_5_0_reg_126      |  224|   0|  224|          0|
    |sum_V_5_1_reg_218      |  224|   0|  224|          0|
    |sum_V_6_0_reg_138      |  224|   0|  224|          0|
    |sum_V_6_1_reg_229      |  224|   0|  224|          0|
    |tmp_5_reg_743          |   16|   0|   16|          0|
    |xor_ln248_reg_896      |    3|   0|    3|          0|
    |zext_ln1352_reg_770    |    3|   0|    4|          1|
    |zext_ln161_reg_778     |   32|   0|  224|        192|
    |zext_ln215_12_reg_730  |   16|   0|   32|         16|
    |zext_ln215_9_reg_763   |   16|   0|   32|         16|
    +-----------------------+-----+----+-----+-----------+
    |Total                  | 6604|   0| 6829|        225|
    +-----------------------+-----+----+-----+-----------+



================================================================
== Interface
================================================================
* Summary: 
+-----------+-----+-----+------------+--------------+--------------+
| RTL Ports | Dir | Bits|  Protocol  | Source Object|    C Type    |
+-----------+-----+-----+------------+--------------+--------------+
|ap_clk     |  in |    1| ap_ctrl_hs |   bc_mult1   | return value |
|ap_rst     |  in |    1| ap_ctrl_hs |   bc_mult1   | return value |
|ap_start   |  in |    1| ap_ctrl_hs |   bc_mult1   | return value |
|ap_done    | out |    1| ap_ctrl_hs |   bc_mult1   | return value |
|ap_idle    | out |    1| ap_ctrl_hs |   bc_mult1   | return value |
|ap_ready   | out |    1| ap_ctrl_hs |   bc_mult1   | return value |
|ap_return  | out |  224| ap_ctrl_hs |   bc_mult1   | return value |
|a_V        |  in |  112|   ap_none  |      a_V     |    scalar    |
+-----------+-----+-----+------------+--------------+--------------+

