

================================================================
== Vivado HLS Report for 'mp_mul'
================================================================
* Date:           Sat Dec 12 17:18:34 2020

* Version:        2019.1 (Build 2552052 on Fri May 24 15:28:33 MDT 2019)
* Project:        sikehls
* Solution:       solution1
* Product family: zynq
* Target device:  xc7z020-clg400-1


================================================================
== Performance Estimates
================================================================
+ Timing (ns): 
    * Summary: 
    +--------+-------+----------+------------+
    |  Clock | Target| Estimated| Uncertainty|
    +--------+-------+----------+------------+
    |ap_clk  |  10.00|     8.316|        1.25|
    +--------+-------+----------+------------+

+ Latency (clock cycles): 
    * Summary: 
    +-----+-----+-----+-----+---------+
    |  Latency  |  Interval | Pipeline|
    | min | max | min | max |   Type  |
    +-----+-----+-----+-----+---------+
    |   88|   88|   88|   88|   none  |
    +-----+-----+-----+-----+---------+

    + Detail: 
        * Instance: 
        +------------------------+--------------+-----+-----+-----+-----+---------+
        |                        |              |  Latency  |  Interval | Pipeline|
        |        Instance        |    Module    | min | max | min | max |   Type  |
        +------------------------+--------------+-----+-----+-----+-----+---------+
        |grp_koa_mult_h_1_fu_81  |koa_mult_h_1  |   78|   78|   78|   78|   none  |
        |grp_bc_mult_2_fu_86     |bc_mult_2     |   73|   73|   73|   73|   none  |
        |grp_bc_mult_1_fu_91     |bc_mult_1     |   73|   73|   73|   73|   none  |
        |grp_bc2_mult_1_fu_96    |bc2_mult_1    |   73|   73|   73|   73|   none  |
        |grp_bc_mult_fu_101      |bc_mult       |   73|   73|   73|   73|   none  |
        |grp_bc_mult1_fu_106     |bc_mult1      |   73|   73|   73|   73|   none  |
        |grp_bc2_mult_fu_111     |bc2_mult      |   73|   73|   73|   73|   none  |
        +------------------------+--------------+-----+-----+-----+-----+---------+

        * Loop: 
        N/A



================================================================
== Utilization Estimates
================================================================
* Summary: 
+-----------------+---------+-------+--------+-------+-----+
|       Name      | BRAM_18K| DSP48E|   FF   |  LUT  | URAM|
+-----------------+---------+-------+--------+-------+-----+
|DSP              |        -|      -|       -|      -|    -|
|Expression       |        -|      -|       0|   1535|    -|
|FIFO             |        -|      -|       -|      -|    -|
|Instance         |        -|     36|   66930|  73148|    -|
|Memory           |        -|      -|       -|      -|    -|
|Multiplexer      |        -|      -|       -|     53|    -|
|Register         |        -|      -|    4078|      -|    -|
+-----------------+---------+-------+--------+-------+-----+
|Total            |        0|     36|   71008|  74736|    0|
+-----------------+---------+-------+--------+-------+-----+
|Available        |      280|    220|  106400|  53200|    0|
+-----------------+---------+-------+--------+-------+-----+
|Utilization (%)  |        0|     16|      66|    140|    0|
+-----------------+---------+-------+--------+-------+-----+

+ Detail: 
    * Instance: 
    +--------------------------+----------------------+---------+-------+-------+-------+-----+
    |         Instance         |        Module        | BRAM_18K| DSP48E|   FF  |  LUT  | URAM|
    +--------------------------+----------------------+---------+-------+-------+-------+-----+
    |grp_bc2_mult_fu_111       |bc2_mult              |        0|      4|   6604|   7881|    0|
    |grp_bc2_mult_1_fu_96      |bc2_mult_1            |        0|      4|   6678|   7970|    0|
    |grp_bc_mult_fu_101        |bc_mult               |        0|      4|   6604|   7881|    0|
    |grp_bc_mult1_fu_106       |bc_mult1              |        0|      4|   6604|   7881|    0|
    |grp_bc_mult_1_fu_91       |bc_mult_1             |        0|      4|   6678|   7970|    0|
    |grp_bc_mult_2_fu_86       |bc_mult_2             |        0|      4|   6734|   8008|    0|
    |grp_koa_mult_h_1_fu_81    |koa_mult_h_1          |        0|     12|  22968|  24633|    0|
    |mp_mul_add_339ns_g8j_U63  |mp_mul_add_339ns_g8j  |        0|      0|    580|    132|    0|
    |mp_mul_add_342ns_hbi_U64  |mp_mul_add_342ns_hbi  |        0|      0|    580|    132|    0|
    |mp_mul_add_448s_4ibs_U65  |mp_mul_add_448s_4ibs  |        0|      0|    580|    132|    0|
    |mp_mul_add_450s_4jbC_U66  |mp_mul_add_450s_4jbC  |        0|      0|    580|    132|    0|
    |mp_mul_add_896ns_lbW_U69  |mp_mul_add_896ns_lbW  |        0|      0|    580|    132|    0|
    |mp_mul_sub_451ns_kbM_U67  |mp_mul_sub_451ns_kbM  |        0|      0|    580|    132|    0|
    |mp_mul_sub_451ns_kbM_U68  |mp_mul_sub_451ns_kbM  |        0|      0|    580|    132|    0|
    +--------------------------+----------------------+---------+-------+-------+-------+-----+
    |Total                     |                      |        0|     36|  66930|  73148|    0|
    +--------------------------+----------------------+---------+-------+-------+-------+-----+

    * DSP48E: 
    N/A

    * Memory: 
    N/A

    * FIFO: 
    N/A

    * Expression: 
    +---------------------------------+----------+-------+---+-----+------------+------------+
    |          Variable Name          | Operation| DSP48E| FF| LUT | Bitwidth P0| Bitwidth P1|
    +---------------------------------+----------+-------+---+-----+------------+------------+
    |ahl_V_2_fu_200_p2                |     +    |      0|  0|  120|         113|         113|
    |ahl_V_3_fu_213_p2                |     +    |      0|  0|  121|         114|         114|
    |ahl_V_fu_152_p2                  |     +    |      0|  0|  232|         225|         225|
    |al_V_4_fu_188_p2                 |     +    |      0|  0|  120|         113|         113|
    |ret_V_1_fu_247_p2                |     -    |      0|  0|  234|         227|         227|
    |ret_V_2_fu_238_p2                |     -    |      0|  0|  236|         229|         229|
    |ret_V_3_fu_255_p2                |     -    |      0|  0|  236|         229|         229|
    |ret_V_fu_226_p2                  |     -    |      0|  0|  234|         227|         227|
    |ap_block_state3_on_subcall_done  |    or    |      0|  0|    2|           1|           1|
    +---------------------------------+----------+-------+---+-----+------------+------------+
    |Total                            |          |      0|  0| 1535|        1478|        1478|
    +---------------------------------+----------+-------+---+-----+------------+------------+

    * Multiplexer: 
    +-----------+----+-----------+-----+-----------+
    |    Name   | LUT| Input Size| Bits| Total Bits|
    +-----------+----+-----------+-----+-----------+
    |ap_NS_fsm  |  53|         12|    1|         12|
    +-----------+----+-----------+-----+-----------+
    |Total      |  53|         12|    1|         12|
    +-----------+----+-----------+-----+-----------+

    * Register: 
    +-------------------------------------+-----+----+-----+-----------+
    |                 Name                |  FF | LUT| Bits| Const Bits|
    +-------------------------------------+-----+----+-----+-----------+
    |a0_V_1_reg_513                       |  448|   0|  448|          0|
    |a0_V_2_reg_436                       |  224|   0|  224|          0|
    |a0_V_reg_413                         |  224|   0|  224|          0|
    |a1_V_1_reg_448                       |  228|   0|  228|          0|
    |a1_V_reg_425                         |  226|   0|  226|          0|
    |a2_V_1_reg_430                       |  448|   0|  448|          0|
    |a2_V_2_reg_442                       |  226|   0|  226|          0|
    |a2_V_reg_419                         |  224|   0|  224|          0|
    |ah_V_1_reg_379                       |  112|   0|  112|          0|
    |ah_V_2_reg_391                       |  112|   0|  112|          0|
    |ahl_V_2_reg_403                      |  113|   0|  113|          0|
    |ahl_V_3_reg_408                      |  114|   0|  114|          0|
    |al_V_3_reg_385                       |  112|   0|  112|          0|
    |al_V_4_reg_397                       |  113|   0|  113|          0|
    |al_V_reg_374                         |  224|   0|  224|          0|
    |ap_CS_fsm                            |   11|   0|   11|          0|
    |grp_bc2_mult_1_fu_96_ap_start_reg    |    1|   0|    1|          0|
    |grp_bc2_mult_fu_111_ap_start_reg     |    1|   0|    1|          0|
    |grp_bc_mult1_fu_106_ap_start_reg     |    1|   0|    1|          0|
    |grp_bc_mult_1_fu_91_ap_start_reg     |    1|   0|    1|          0|
    |grp_bc_mult_2_fu_86_ap_start_reg     |    1|   0|    1|          0|
    |grp_bc_mult_fu_101_ap_start_reg      |    1|   0|    1|          0|
    |grp_koa_mult_h_1_fu_81_ap_start_reg  |    1|   0|    1|          0|
    |ret_V_1_reg_463                      |  227|   0|  227|          0|
    |ret_V_2_reg_458                      |  229|   0|  229|          0|
    |ret_V_3_reg_468                      |  229|   0|  229|          0|
    |ret_V_reg_453                        |  227|   0|  227|          0|
    +-------------------------------------+-----+----+-----+-----------+
    |Total                                | 4078|   0| 4078|          0|
    +-------------------------------------+-----+----+-----+-----------+



================================================================
== Interface
================================================================
* Summary: 
+------------+-----+-----+------------+--------------+--------------+
|  RTL Ports | Dir | Bits|  Protocol  | Source Object|    C Type    |
+------------+-----+-----+------------+--------------+--------------+
|ap_clk      |  in |    1| ap_ctrl_hs |    mp_mul    | return value |
|ap_rst      |  in |    1| ap_ctrl_hs |    mp_mul    | return value |
|ap_start    |  in |    1| ap_ctrl_hs |    mp_mul    | return value |
|ap_done     | out |    1| ap_ctrl_hs |    mp_mul    | return value |
|ap_idle     | out |    1| ap_ctrl_hs |    mp_mul    | return value |
|ap_ready    | out |    1| ap_ctrl_hs |    mp_mul    | return value |
|a_V         |  in |  448|   ap_none  |      a_V     |    scalar    |
|b_V         |  in |  448|   ap_none  |      b_V     |    scalar    |
|c_V         | out |  896|   ap_vld   |      c_V     |    pointer   |
|c_V_ap_vld  | out |    1|   ap_vld   |      c_V     |    pointer   |
+------------+-----+-----+------------+--------------+--------------+

