

================================================================
== Vivado HLS Report for 'rdc_mont'
================================================================
* Date:           Tue Dec 15 15:56:14 2020

* Version:        2019.1 (Build 2552052 on Fri May 24 15:28:33 MDT 2019)
* Project:        sikehls
* Solution:       solution1
* Product family: zynq
* Target device:  xc7z020-clg400-1


================================================================
== Performance Estimates
================================================================
+ Timing (ns): 
    * Summary: 
    +--------+-------+----------+------------+
    |  Clock | Target| Estimated| Uncertainty|
    +--------+-------+----------+------------+
    |ap_clk  |  10.00|     6.978|        1.25|
    +--------+-------+----------+------------+

+ Latency (clock cycles): 
    * Summary: 
    +-----+-----+-----+-----+---------+
    |  Latency  |  Interval | Pipeline|
    | min | max | min | max |   Type  |
    +-----+-----+-----+-----+---------+
    |   68|   68|   68|   68|   none  |
    +-----+-----+-----+-----+---------+

    + Detail: 
        * Instance: 
        +-----------------------+-------------+-----+-----+-----+-----+---------+
        |                       |             |  Latency  |  Interval | Pipeline|
        |        Instance       |    Module   | min | max | min | max |   Type  |
        +-----------------------+-------------+-----+-----+-----+-----+---------+
        |grp_bc_mult_448_fu_30  |bc_mult_448  |   32|   32|   32|   32|   none  |
        +-----------------------+-------------+-----+-----+-----+-----+---------+

        * Loop: 
        N/A



================================================================
== Utilization Estimates
================================================================
* Summary: 
+-----------------+---------+-------+--------+-------+-----+
|       Name      | BRAM_18K| DSP48E|   FF   |  LUT  | URAM|
+-----------------+---------+-------+--------+-------+-----+
|DSP              |        -|      -|       -|      -|    -|
|Expression       |        -|      -|       -|      -|    -|
|FIFO             |        -|      -|       -|      -|    -|
|Instance         |        0|     70|   24253|   4199|    -|
|Memory           |        -|      -|       -|      -|    -|
|Multiplexer      |        -|      -|       -|     66|    -|
|Register         |        -|      -|    2186|      -|    -|
+-----------------+---------+-------+--------+-------+-----+
|Total            |        0|     70|   26439|   4265|    0|
+-----------------+---------+-------+--------+-------+-----+
|Available        |      280|    220|  106400|  53200|    0|
+-----------------+---------+-------+--------+-------+-----+
|Utilization (%)  |        0|     31|      24|      8|    0|
+-----------------+---------+-------+--------+-------+-----+

+ Detail: 
    * Instance: 
    +--------------------------+----------------------+---------+-------+-------+------+-----+
    |         Instance         |        Module        | BRAM_18K| DSP48E|   FF  |  LUT | URAM|
    +--------------------------+----------------------+---------+-------+-------+------+-----+
    |grp_bc_mult_448_fu_30     |bc_mult_448           |        0|     70|  23673|  4067|    0|
    |eval_4_isog_add_8mb6_U44  |eval_4_isog_add_8mb6  |        0|      0|    580|   132|    0|
    +--------------------------+----------------------+---------+-------+-------+------+-----+
    |Total                     |                      |        0|     70|  24253|  4199|    0|
    +--------------------------+----------------------+---------+-------+-------+------+-----+

    * DSP48E: 
    N/A

    * Memory: 
    N/A

    * FIFO: 
    N/A

    * Expression: 
    N/A

    * Multiplexer: 
    +---------------------------+----+-----------+-----+-----------+
    |            Name           | LUT| Input Size| Bits| Total Bits|
    +---------------------------+----+-----------+-----+-----------+
    |ap_NS_fsm                  |  27|          5|    1|          5|
    |ap_return                  |   9|          2|  448|        896|
    |grp_bc_mult_448_fu_30_a_V  |  15|          3|  448|       1344|
    |grp_bc_mult_448_fu_30_b_V  |  15|          3|  448|       1344|
    +---------------------------+----+-----------+-----+-----------+
    |Total                      |  66|         13| 1345|       3589|
    +---------------------------+----+-----------+-----+-----------+

    * Register: 
    +------------------------------------+-----+----+-----+-----------+
    |                Name                |  FF | LUT| Bits| Const Bits|
    +------------------------------------+-----+----+-----+-----------+
    |ap_CS_fsm                           |    4|   0|    4|          0|
    |ap_return                           |  448|   0|  448|          0|
    |ap_return_preg                      |  448|   0|  448|          0|
    |grp_bc_mult_448_fu_30_ap_start_reg  |    1|   0|    1|          0|
    |m_V_reg_97                          |    1|   0|  448|        447|
    |ma_V_read_reg_87                    |  836|   0|  836|          0|
    |ma_trunc_V_reg_92                   |  448|   0|  448|          0|
    +------------------------------------+-----+----+-----+-----------+
    |Total                               | 2186|   0| 2633|        447|
    +------------------------------------+-----+----+-----+-----------+



================================================================
== Interface
================================================================
* Summary: 
+-----------+-----+-----+------------+--------------+--------------+
| RTL Ports | Dir | Bits|  Protocol  | Source Object|    C Type    |
+-----------+-----+-----+------------+--------------+--------------+
|ap_clk     |  in |    1| ap_ctrl_hs |   rdc_mont   | return value |
|ap_rst     |  in |    1| ap_ctrl_hs |   rdc_mont   | return value |
|ap_start   |  in |    1| ap_ctrl_hs |   rdc_mont   | return value |
|ap_done    | out |    1| ap_ctrl_hs |   rdc_mont   | return value |
|ap_idle    | out |    1| ap_ctrl_hs |   rdc_mont   | return value |
|ap_ready   | out |    1| ap_ctrl_hs |   rdc_mont   | return value |
|ap_return  | out |  448| ap_ctrl_hs |   rdc_mont   | return value |
|ma_V       |  in |  836|   ap_none  |     ma_V     |    scalar    |
+-----------+-----+-----+------------+--------------+--------------+

