

================================================================
== Vivado HLS Report for 'xDBL'
================================================================
* Date:           Mon Dec 14 19:30:49 2020

* Version:        2019.1 (Build 2552052 on Fri May 24 15:28:33 MDT 2019)
* Project:        sikehls
* Solution:       solution1
* Product family: zynq
* Target device:  xc7z020-clg400-1


================================================================
== Performance Estimates
================================================================
+ Timing (ns): 
    * Summary: 
    +--------+-------+----------+------------+
    |  Clock | Target| Estimated| Uncertainty|
    +--------+-------+----------+------------+
    |ap_clk  |  10.00|     8.429|        1.25|
    +--------+-------+----------+------------+

+ Latency (clock cycles): 
    * Summary: 
    +-----+-----+-----+-----+---------+
    |  Latency  |  Interval | Pipeline|
    | min | max | min | max |   Type  |
    +-----+-----+-----+-----+---------+
    |  589|  589|  589|  589|   none  |
    +-----+-----+-----+-----+---------+

    + Detail: 
        * Instance: 
        +---------------------+----------+-----+-----+-----+-----+---------+
        |                     |          |  Latency  |  Interval | Pipeline|
        |       Instance      |  Module  | min | max | min | max |   Type  |
        +---------------------+----------+-----+-----+-----+-----+---------+
        |grp_mp_mul_fu_203    |mp_mul    |   33|   33|   33|   33|   none  |
        |grp_rdc_mont_fu_292  |rdc_mont  |   68|   68|   68|   68|   none  |
        |grp_rdc_mont_fu_298  |rdc_mont  |   68|   68|   68|   68|   none  |
        |grp_rdc_mont_fu_303  |rdc_mont  |   68|   68|   68|   68|   none  |
        +---------------------+----------+-----+-----+-----+-----+---------+

        * Loop: 
        N/A



================================================================
== Utilization Estimates
================================================================
* Summary: 
+-----------------+---------+-------+--------+-------+-----+
|       Name      | BRAM_18K| DSP48E|   FF   |  LUT  | URAM|
+-----------------+---------+-------+--------+-------+-----+
|DSP              |        -|      -|       -|      -|    -|
|Expression       |        -|      -|       0|     10|    -|
|FIFO             |        -|      -|       -|      -|    -|
|Instance         |        0|    350|  148624|  24805|    -|
|Memory           |        -|      -|       -|      -|    -|
|Multiplexer      |        -|      -|       -|    456|    -|
|Register         |        -|      -|   22269|      -|    -|
+-----------------+---------+-------+--------+-------+-----+
|Total            |        0|    350|  170893|  25271|    0|
+-----------------+---------+-------+--------+-------+-----+
|Available        |      280|    220|  106400|  53200|    0|
+-----------------+---------+-------+--------+-------+-----+
|Utilization (%)  |        0|    159|     160|     47|    0|
+-----------------+---------+-------+--------+-------+-----+

+ Detail: 
    * Instance: 
    +--------------------------+----------------------+---------+-------+-------+------+-----+
    |         Instance         |        Module        | BRAM_18K| DSP48E|   FF  |  LUT | URAM|
    +--------------------------+----------------------+---------+-------+-------+------+-----+
    |grp_mp_mul_fu_202         |mp_mul                |        0|     70|  26242|  4091|    0|
    |grp_mp_mul_fu_203         |mp_mul                |        0|     70|  26242|  4091|    0|
    |grp_rdc_mont_fu_292       |rdc_mont              |        0|     70|  26440|  4265|    0|
    |grp_rdc_mont_fu_298       |rdc_mont              |        0|     70|  26440|  4265|    0|
    |grp_rdc_mont_fu_303       |rdc_mont              |        0|     70|  26440|  4265|    0|
    |xDBL_add_448ns_44mb6_U49  |xDBL_add_448ns_44mb6  |        0|      0|    580|   132|    0|
    |xDBL_add_448ns_44mb6_U50  |xDBL_add_448ns_44mb6  |        0|      0|    580|   132|    0|
    |xDBL_add_448ns_44mb6_U51  |xDBL_add_448ns_44mb6  |        0|      0|    580|   132|    0|
    |xDBL_add_448ns_44mb6_U52  |xDBL_add_448ns_44mb6  |        0|      0|    580|   132|    0|
    |xDBL_add_448ns_44mb6_U55  |xDBL_add_448ns_44mb6  |        0|      0|    580|   132|    0|
    |xDBL_add_448ns_44mb6_U56  |xDBL_add_448ns_44mb6  |        0|      0|    580|   132|    0|
    |xDBL_add_448ns_44mb6_U57  |xDBL_add_448ns_44mb6  |        0|      0|    580|   132|    0|
    |xDBL_add_448ns_44mb6_U58  |xDBL_add_448ns_44mb6  |        0|      0|    580|   132|    0|
    |xDBL_add_448ns_44mb6_U60  |xDBL_add_448ns_44mb6  |        0|      0|    580|   132|    0|
    |xDBL_add_448ns_44mb6_U61  |xDBL_add_448ns_44mb6  |        0|      0|    580|   132|    0|
    |xDBL_add_448ns_44mb6_U63  |xDBL_add_448ns_44mb6  |        0|      0|    580|   132|    0|
    |xDBL_add_448ns_44mb6_U65  |xDBL_add_448ns_44mb6  |        0|      0|    580|   132|    0|
    |xDBL_add_448ns_44mb6_U66  |xDBL_add_448ns_44mb6  |        0|      0|    580|   132|    0|
    |xDBL_add_448ns_44mb6_U68  |xDBL_add_448ns_44mb6  |        0|      0|    580|   132|    0|
    |xDBL_add_448ns_44mb6_U69  |xDBL_add_448ns_44mb6  |        0|      0|    580|   132|    0|
    |xDBL_add_448ns_44mb6_U71  |xDBL_add_448ns_44mb6  |        0|      0|    580|   132|    0|
    |xDBL_add_448ns_44mb6_U72  |xDBL_add_448ns_44mb6  |        0|      0|    580|   132|    0|
    |xDBL_add_448ns_44mb6_U73  |xDBL_add_448ns_44mb6  |        0|      0|    580|   132|    0|
    |xDBL_add_448ns_44mb6_U74  |xDBL_add_448ns_44mb6  |        0|      0|    580|   132|    0|
    |xDBL_sub_448ns_44lbW_U47  |xDBL_sub_448ns_44lbW  |        0|      0|    580|   132|    0|
    |xDBL_sub_448ns_44lbW_U48  |xDBL_sub_448ns_44lbW  |        0|      0|    580|   132|    0|
    |xDBL_sub_448ns_44lbW_U53  |xDBL_sub_448ns_44lbW  |        0|      0|    580|   132|    0|
    |xDBL_sub_448ns_44lbW_U54  |xDBL_sub_448ns_44lbW  |        0|      0|    580|   132|    0|
    |xDBL_sub_448ns_44lbW_U59  |xDBL_sub_448ns_44lbW  |        0|      0|    580|   132|    0|
    |xDBL_sub_448ns_44lbW_U62  |xDBL_sub_448ns_44lbW  |        0|      0|    580|   132|    0|
    |xDBL_sub_836ns_83ncg_U64  |xDBL_sub_836ns_83ncg  |        0|      0|    580|   132|    0|
    |xDBL_sub_836ns_83ncg_U67  |xDBL_sub_836ns_83ncg  |        0|      0|    580|   132|    0|
    |xDBL_sub_836ns_83ncg_U70  |xDBL_sub_836ns_83ncg  |        0|      0|    580|   132|    0|
    |xDBL_sub_836ns_83ncg_U75  |xDBL_sub_836ns_83ncg  |        0|      0|    580|   132|    0|
    +--------------------------+----------------------+---------+-------+-------+------+-----+
    |Total                     |                      |        0|    350| 148624| 24805|    0|
    +--------------------------+----------------------+---------+-------+-------+------+-----+

    * DSP48E: 
    N/A

    * Memory: 
    N/A

    * FIFO: 
    N/A

    * Expression: 
    +----------------------------------+----------+-------+---+----+------------+------------+
    |           Variable Name          | Operation| DSP48E| FF| LUT| Bitwidth P0| Bitwidth P1|
    +----------------------------------+----------+-------+---+----+------------+------------+
    |ap_block_state13_on_subcall_done  |    or    |      0|  0|   2|           1|           1|
    |ap_block_state14_on_subcall_done  |    or    |      0|  0|   2|           1|           1|
    |ap_block_state16_on_subcall_done  |    or    |      0|  0|   2|           1|           1|
    |ap_block_state19_on_subcall_done  |    or    |      0|  0|   2|           1|           1|
    |ap_block_state8_on_subcall_done   |    or    |      0|  0|   2|           1|           1|
    +----------------------------------+----------+-------+---+----+------------+------------+
    |Total                             |          |      0|  0|  10|           5|           5|
    +----------------------------------+----------+-------+---+----+------------+------------+

    * Multiplexer: 
    +--------------------------+----+-----------+-----+-----------+
    |           Name           | LUT| Input Size| Bits| Total Bits|
    +--------------------------+----+-----------+-----+-----------+
    |A24plus_V_address0        |  15|          3|    1|          3|
    |C24_V_address0            |  15|          3|    1|          3|
    |Q_Z_V_address0            |  21|          4|    1|          4|
    |Q_Z_V_address1            |  21|          4|    1|          4|
    |Q_Z_V_d0                  |  21|          4|  448|       1792|
    |Q_Z_V_d1                  |  21|          4|  448|       1792|
    |ap_NS_fsm                 |  97|         20|    1|         20|
    |grp_mp_mul_fu_202_a_V     |  44|          9|  448|       4032|
    |grp_mp_mul_fu_202_b_V     |  41|          8|  448|       3584|
    |grp_mp_mul_fu_203_a_V     |  44|          9|  448|       4032|
    |grp_mp_mul_fu_203_b_V     |  41|          8|  448|       3584|
    |grp_rdc_mont_fu_292_ma_V  |  33|          6|  837|       5022|
    |grp_rdc_mont_fu_298_ma_V  |  27|          5|  837|       4185|
    |grp_rdc_mont_fu_303_ma_V  |  15|          3|  837|       2511|
    +--------------------------+----+-----------+-----+-----------+
    |Total                     | 456|         90| 5204|      30568|
    +--------------------------+----+-----------+-----+-----------+

    * Register: 
    +----------------------------------+-----+----+-----+-----------+
    |               Name               |  FF | LUT| Bits| Const Bits|
    +----------------------------------+-----+----+-----+-----------+
    |A24plus_V_load_1_reg_808          |  448|   0|  448|          0|
    |A24plus_V_load_reg_825            |  448|   0|  448|          0|
    |C24_V_load_1_reg_742              |  448|   0|  448|          0|
    |C24_V_load_reg_755                |  448|   0|  448|          0|
    |add_ln209_10_reg_914              |  448|   0|  448|          0|
    |add_ln209_11_reg_921              |  448|   0|  448|          0|
    |add_ln209_1_reg_637               |  448|   0|  448|          0|
    |add_ln209_reg_630                 |  448|   0|  448|          0|
    |add_ln214_1_reg_651               |  448|   0|  448|          0|
    |add_ln214_2_reg_693               |  448|   0|  448|          0|
    |add_ln214_3_reg_683               |  448|   0|  448|          0|
    |add_ln214_4_reg_819               |  448|   0|  448|          0|
    |add_ln214_5_reg_801               |  448|   0|  448|          0|
    |add_ln214_reg_644                 |  448|   0|  448|          0|
    |ap_CS_fsm                         |   19|   0|   19|          0|
    |call_ret1_reg_748                 |  448|   0|  448|          0|
    |call_ret3_reg_728                 |  448|   0|  448|          0|
    |call_ret4_reg_735                 |  448|   0|  448|          0|
    |call_ret6_reg_857                 |  448|   0|  448|          0|
    |call_ret9_reg_865                 |  448|   0|  448|          0|
    |grp_mp_mul_fu_202_ap_start_reg    |    1|   0|    1|          0|
    |grp_mp_mul_fu_203_ap_start_reg    |    1|   0|    1|          0|
    |grp_rdc_mont_fu_292_ap_start_reg  |    1|   0|    1|          0|
    |grp_rdc_mont_fu_298_ap_start_reg  |    1|   0|    1|          0|
    |grp_rdc_mont_fu_303_ap_start_reg  |    1|   0|    1|          0|
    |reg_314                           |  835|   0|  835|          0|
    |reg_318                           |  448|   0|  448|          0|
    |sext_ln183_1_reg_903              |  837|   0|  837|          0|
    |sext_ln183_2_reg_852              |  837|   0|  837|          0|
    |sext_ln183_3_reg_943              |  837|   0|  837|          0|
    |sext_ln183_reg_846                |  837|   0|  837|          0|
    |t1_V_1_reg_678                    |  448|   0|  448|          0|
    |t1_V_2_reg_776                    |  448|   0|  448|          0|
    |t1_V_3_reg_883                    |  448|   0|  448|          0|
    |t1_V_4_reg_831                    |  448|   0|  448|          0|
    |t1_V_5_reg_928                    |  448|   0|  448|          0|
    |t1_V_reg_688                      |  448|   0|  448|          0|
    |t2_V_1_reg_898                    |  448|   0|  448|          0|
    |t2_V_2_reg_909                    |  448|   0|  448|          0|
    |t2_V_reg_781                      |  448|   0|  448|          0|
    |t3_V_1_reg_663                    |  447|   0|  448|          1|
    |t3_V_reg_673                      |  447|   0|  448|          1|
    |tt3_V_reg_814                     |  836|   0|  836|          0|
    |zext_ln87_1_reg_698               |  835|   0|  837|          2|
    |zext_ln87_2_reg_703               |  835|   0|  837|          2|
    |zext_ln87_3_reg_708               |  835|   0|  837|          2|
    |zext_ln87_reg_723                 |  835|   0|  837|          2|
    +----------------------------------+-----+----+-----+-----------+
    |Total                             |22269|   0|22279|         10|
    +----------------------------------+-----+----+-----+-----------+



================================================================
== Interface
================================================================
* Summary: 
+--------------------+-----+-----+------------+--------------+--------------+
|      RTL Ports     | Dir | Bits|  Protocol  | Source Object|    C Type    |
+--------------------+-----+-----+------------+--------------+--------------+
|ap_clk              |  in |    1| ap_ctrl_hs |     xDBL     | return value |
|ap_rst              |  in |    1| ap_ctrl_hs |     xDBL     | return value |
|ap_start            |  in |    1| ap_ctrl_hs |     xDBL     | return value |
|ap_done             | out |    1| ap_ctrl_hs |     xDBL     | return value |
|ap_idle             | out |    1| ap_ctrl_hs |     xDBL     | return value |
|ap_ready            | out |    1| ap_ctrl_hs |     xDBL     | return value |
|P_X_V_address0      | out |    1|  ap_memory |     P_X_V    |     array    |
|P_X_V_ce0           | out |    1|  ap_memory |     P_X_V    |     array    |
|P_X_V_q0            |  in |  448|  ap_memory |     P_X_V    |     array    |
|P_X_V_address1      | out |    1|  ap_memory |     P_X_V    |     array    |
|P_X_V_ce1           | out |    1|  ap_memory |     P_X_V    |     array    |
|P_X_V_q1            |  in |  448|  ap_memory |     P_X_V    |     array    |
|P_Z_V_address0      | out |    1|  ap_memory |     P_Z_V    |     array    |
|P_Z_V_ce0           | out |    1|  ap_memory |     P_Z_V    |     array    |
|P_Z_V_q0            |  in |  448|  ap_memory |     P_Z_V    |     array    |
|P_Z_V_address1      | out |    1|  ap_memory |     P_Z_V    |     array    |
|P_Z_V_ce1           | out |    1|  ap_memory |     P_Z_V    |     array    |
|P_Z_V_q1            |  in |  448|  ap_memory |     P_Z_V    |     array    |
|Q_X_V_address0      | out |    1|  ap_memory |     Q_X_V    |     array    |
|Q_X_V_ce0           | out |    1|  ap_memory |     Q_X_V    |     array    |
|Q_X_V_we0           | out |    1|  ap_memory |     Q_X_V    |     array    |
|Q_X_V_d0            | out |  448|  ap_memory |     Q_X_V    |     array    |
|Q_X_V_address1      | out |    1|  ap_memory |     Q_X_V    |     array    |
|Q_X_V_ce1           | out |    1|  ap_memory |     Q_X_V    |     array    |
|Q_X_V_we1           | out |    1|  ap_memory |     Q_X_V    |     array    |
|Q_X_V_d1            | out |  448|  ap_memory |     Q_X_V    |     array    |
|Q_Z_V_address0      | out |    1|  ap_memory |     Q_Z_V    |     array    |
|Q_Z_V_ce0           | out |    1|  ap_memory |     Q_Z_V    |     array    |
|Q_Z_V_we0           | out |    1|  ap_memory |     Q_Z_V    |     array    |
|Q_Z_V_d0            | out |  448|  ap_memory |     Q_Z_V    |     array    |
|Q_Z_V_address1      | out |    1|  ap_memory |     Q_Z_V    |     array    |
|Q_Z_V_ce1           | out |    1|  ap_memory |     Q_Z_V    |     array    |
|Q_Z_V_we1           | out |    1|  ap_memory |     Q_Z_V    |     array    |
|Q_Z_V_d1            | out |  448|  ap_memory |     Q_Z_V    |     array    |
|A24plus_V_address0  | out |    1|  ap_memory |   A24plus_V  |     array    |
|A24plus_V_ce0       | out |    1|  ap_memory |   A24plus_V  |     array    |
|A24plus_V_q0        |  in |  448|  ap_memory |   A24plus_V  |     array    |
|C24_V_address0      | out |    1|  ap_memory |     C24_V    |     array    |
|C24_V_ce0           | out |    1|  ap_memory |     C24_V    |     array    |
|C24_V_q0            |  in |  448|  ap_memory |     C24_V    |     array    |
+--------------------+-----+-----+------------+--------------+--------------+

