INFO-FLOW: Workspace C:/Users/namra/Documents/Documents/ece527/project/koa_mult/solution1 opened at Sun Dec 13 12:46:05 -0600 2020
Execute     config_clock -quiet -name default -period 10 -default=false 
INFO: [SYN 201-201] Setting up clock 'default' with a period of 10ns.
Execute     open_platform DefaultPlatform 
Execute     import_lib C:/Xilinx/Vivado/2019.1/common/technology/xilinx/zynq/zynq 
Execute       source C:/Xilinx/Vivado/2019.1/common/technology/xilinx/common/xilinx.lib 
Execute         source C:/Xilinx/Vivado/2019.1/common/technology/xilinx/interface/xilinx_interface.lib 
Execute           source C:/Xilinx/Vivado/2019.1/common/technology/xilinx/interface/plb46.lib 
Execute           source C:/Xilinx/Vivado/2019.1/common/technology/xilinx/interface/fsl.lib 
Execute           source C:/Xilinx/Vivado/2019.1/common/technology/xilinx/interface/axi4.lib 
Execute           source C:/Xilinx/Vivado/2019.1/common/technology/xilinx/interface/maxi.lib 
Execute           source C:/Xilinx/Vivado/2019.1/common/technology/xilinx/interface/saxilite.lib 
Execute         source C:/Xilinx/Vivado/2019.1/common/technology/xilinx/common/dsp48.lib 
Execute         source C:/Xilinx/Vivado/2019.1/common/technology/xilinx/ip/dds_compiler.lib 
Execute         source C:/Xilinx/Vivado/2019.1/common/technology/xilinx/ip/xfft.lib 
Execute         source C:/Xilinx/Vivado/2019.1/common/technology/xilinx/ip/xfir.lib 
Execute       source C:/Xilinx/Vivado/2019.1/common/technology/xilinx/common/xilinx.hlp 
Execute         source C:/Xilinx/Vivado/2019.1/common/technology/xilinx/common/target_info.tcl 
Execute         source C:/Xilinx/Vivado/2019.1/common/technology/xilinx/interface/xilinx_interface.hlp 
Execute           source C:/Xilinx/Vivado/2019.1/common/technology/xilinx/interface/maxi.hlp 
Execute           source C:/Xilinx/Vivado/2019.1/common/technology/xilinx/interface/saxilite.hlp 
Execute         source C:/Xilinx/Vivado/2019.1/common/technology/xilinx/common/dsp48.hlp 
Execute       source C:/Xilinx/Vivado/2019.1/common/technology/xilinx/zynq/dsp48e1.hlp 
Execute       source C:/Xilinx/Vivado/2019.1/common/technology/xilinx/common/xilinx.hlp 
Execute         source C:/Xilinx/Vivado/2019.1/common/technology/xilinx/common/target_info.tcl 
Execute         source C:/Xilinx/Vivado/2019.1/common/technology/xilinx/interface/xilinx_interface.hlp 
Execute           source C:/Xilinx/Vivado/2019.1/common/technology/xilinx/interface/maxi.hlp 
Execute           source C:/Xilinx/Vivado/2019.1/common/technology/xilinx/interface/saxilite.hlp 
Execute         source C:/Xilinx/Vivado/2019.1/common/technology/xilinx/common/dsp48.hlp 
Execute     source C:/Xilinx/Vivado/2019.1/common/technology/xilinx/zynq/zynq.gen 
Execute       source C:/Xilinx/Vivado/2019.1/common/technology/xilinx/common/xilinx.gen 
Execute         source C:/Xilinx/Vivado/2019.1/common/technology/xilinx/interface/plb46.gen 
Execute         source C:/Xilinx/Vivado/2019.1/common/technology/xilinx/interface/fsl.gen 
Execute         source C:/Xilinx/Vivado/2019.1/common/technology/xilinx/interface/axi4.gen 
Execute         source C:/Xilinx/Vivado/2019.1/common/technology/xilinx/interface/nativeAXI4.gen 
Execute           source C:/Xilinx/Vivado/2019.1/common/technology/xilinx/interface/saxilite.gen 
Execute           source C:/Xilinx/Vivado/2019.1/common/technology/xilinx/interface/maxi.gen 
Execute         source C:/Xilinx/Vivado/2019.1/common/technology/xilinx/scripts/xilinxcoregen.gen 
Execute         source C:/Xilinx/Vivado/2019.1/common/technology/xilinx/interface/XilEDKCoreGen.gen 
Execute         source C:/Xilinx/Vivado/2019.1/common/technology/xilinx/ip/dds_compiler.gen 
Execute         source C:/Xilinx/Vivado/2019.1/common/technology/xilinx/ip/util.gen 
Execute         source C:/Xilinx/Vivado/2019.1/common/technology/xilinx/ip/xfft.gen 
Execute         source C:/Xilinx/Vivado/2019.1/common/technology/xilinx/ip/xfir.gen 
Execute         source C:/Xilinx/Vivado/2019.1/common/technology/xilinx/common/dsp48.gen 
Command       ap_source done; 0.15 sec.
Command     ap_source done; 0.15 sec.
Execute     open_platform DefaultPlatform 
Execute     import_lib C:/Xilinx/Vivado/2019.1/common/technology/xilinx/zynq/zynq_fpv6 
Execute       source C:/Xilinx/Vivado/2019.1/common/technology/xilinx/common/xilinx_fp.lib 
Execute       source C:/Xilinx/Vivado/2019.1/common/technology/xilinx/common/xilinx_fp.hlp 
Execute         source C:/Xilinx/Vivado/2019.1/common/technology/xilinx/common/xilinx.hlp 
Execute           source C:/Xilinx/Vivado/2019.1/common/technology/xilinx/common/target_info.tcl 
Execute           source C:/Xilinx/Vivado/2019.1/common/technology/xilinx/interface/xilinx_interface.hlp 
Execute             source C:/Xilinx/Vivado/2019.1/common/technology/xilinx/interface/maxi.hlp 
Execute             source C:/Xilinx/Vivado/2019.1/common/technology/xilinx/interface/saxilite.hlp 
Execute           source C:/Xilinx/Vivado/2019.1/common/technology/xilinx/common/dsp48.hlp 
Execute     source C:/Xilinx/Vivado/2019.1/common/technology/xilinx/zynq/zynq_fpv6.gen 
Execute       source C:/Xilinx/Vivado/2019.1/common/technology/xilinx/common/xilinx_fp.gen 
Execute     set_part xc7z020-clg400-1 
Execute       ap_part_info -name xc7z020-clg400-1 -data single -quiet 
Command       ap_part_info done; 0.468 sec.
Execute       ap_part_info -name xc7z020-clg400-1 -data info 
Execute       add_library xilinx/zynq/zynq:xc7z020:-clg400:-1 
Execute         get_default_platform 
Execute         license_isbetapart xc7z020 
Command         license_isbetapart done; error code: 1; 
Execute         ap_part_info -data single -name xc7z020-clg400-1 
Execute         ap_part_info -name xc7z020-clg400-1 -data resources 
Execute         ap_part_info -name xc7z020-clg400-1 -data info 
Execute         ap_part_info -name xc7z020-clg400-1 -data info 
Execute         config_chip_info -quiet -resource {SLICE 13300} {LUT 53200} {FF 106400} {DSP48E 220} {BRAM 280} {URAM 0} 
Execute         ap_part_info -name xc7z020-clg400-1 -data info 
Execute         config_chip_info -quiet -speed slow 
Execute       add_library xilinx/zynq/zynq_fpv6 
Execute         get_default_platform 
INFO: [HLS 200-10] Setting target device to 'xc7z020-clg400-1'
Execute       ap_part_info -name xc7z020-clg400-1 -data info 
Execute       get_default_platform 
Command     set_part done; 0.566 sec.
Execute     ap_part_info -data single -name xc7z020-clg400-1 
Execute     ap_part_info -name xc7z020-clg400-1 -data resources 
Execute     ap_part_info -name xc7z020-clg400-1 -data info 
Execute     ap_part_info -name xc7z020-clg400-1 -data info 
Execute     config_chip_info -quiet -resource {SLICE 13300} {LUT 53200} {FF 106400} {DSP48E 220} {BRAM 280} {URAM 0} 
Execute     ap_part_info -name xc7z020-clg400-1 -data info 
Execute     config_chip_info -quiet -speed slow 
Command   open_solution done; 0.798 sec.
Execute   set_part xc7z020-clg400-1 -tool vivado 
Execute     ap_part_info -name xc7z020-clg400-1 -data single -quiet 
Execute     ap_part_info -name xc7z020-clg400-1 -data info 
Execute     add_library xilinx/zynq/zynq:xc7z020:-clg400:-1 
Execute       get_default_platform 
Execute       license_isbetapart xc7z020 
Command       license_isbetapart done; error code: 1; 
Execute       ap_part_info -data single -name xc7z020-clg400-1 
Execute       ap_part_info -name xc7z020-clg400-1 -data resources 
Execute       ap_part_info -name xc7z020-clg400-1 -data info 
Execute       ap_part_info -name xc7z020-clg400-1 -data info 
Execute       config_chip_info -quiet -resource {SLICE 13300} {LUT 53200} {FF 106400} {DSP48E 220} {BRAM 280} {URAM 0} 
Execute       ap_part_info -name xc7z020-clg400-1 -data info 
Execute       config_chip_info -quiet -speed slow 
Execute     add_library xilinx/zynq/zynq_fpv6 
Execute       get_default_platform 
Execute     ap_part_info -name xc7z020-clg400-1 -data info 
Execute     get_default_platform 
Execute   create_clock -period 10 -name default 
Execute   csynth_design 
Execute     get_config_compile -dump_cfg 
Execute     get_config_compile -effort 
Execute     get_config_compile -enable_clang39 
Execute     get_config_compile -g 
Execute     get_config_compile -ng 
Execute     get_config_compile -opt_fp 
Execute     get_config_compile -skip_cdt 
Execute     get_config_compile -skip_syncheck 
Execute     get_config_compile -skip_transform 
Execute     get_config_compile -keep_printf 
Execute     elaborate -effort=medium -skip_syncheck=0 -keep_printf=0 -skip_cdt=0 -skip_transform=0 -ng=0 -g=0 -opt_fp=0 -from_csynth_design=1 
Execute       get_config_schedule -relax_ii_for_timing 
INFO: [SCHED 204-61] Option 'relax_ii_for_timing' is enabled, will increase II to preserve clock frequency constraints.
Execute       get_config_schedule -suppress_dependence_error_break 
INFO: [HLS 200-10] Analyzing design file 'koa_mult/koa.cpp' ... 
INFO-FLOW: Compiling one TU...
Execute       is_m_axi_addr64 
INFO-FLOW: Handling koa_mult/koa.cpp as C++
Execute       ap_part_info -name xc7z020-clg400-1 -data info 
Execute       is_encrypted koa_mult/koa.cpp 
Execute       ap_part_info -name xc7z020-clg400-1 -data info 
INFO-FLOW: Running: GCC PP
INFO-FLOW: Source preprocessing
Execute       clang  -fno-limit-debug-info -gcc-toolchain "C:/Xilinx/Vivado/2019.1/msys" -hls  -fno-exceptions  -D__llvm__  -E "koa_mult/koa.cpp"     -fno-math-errno -c -emit-llvm -O0  -mllvm -disable-llvm-optzns -fno-threadsafe-statics  -fno-use-cxa-atexit  -fno-threadsafe-statics -fno-use-cxa-atexit -D__CLANG_3_1__ -D__cdecl= -DAESL_SYN -D__SYNTHESIS__ -D__HLS_SYN__ -I "C:/Xilinx/Vivado/2019.1/common/technology/autopilot" -I "C:/Xilinx/Vivado/2019.1/common/technology/autopilot/ap_sysc" -include etc/autopilot_ssdm_op.h -D__DSP48E1__  -o "C:/Users/namra/Documents/Documents/ece527/project/koa_mult/solution1/.autopilot/db/koa.pp.0.cpp" 
INFO-FLOW: exec C:/Xilinx/Vivado/2019.1/win64/tools/clang/bin/clang -fno-limit-debug-info -gcc-toolchain C:/Xilinx/Vivado/2019.1/msys -hls -fno-exceptions -D__llvm__ -E koa_mult/koa.cpp -fno-math-errno -c -emit-llvm -O0 -mllvm -disable-llvm-optzns -fno-threadsafe-statics -fno-use-cxa-atexit -fno-threadsafe-statics -fno-use-cxa-atexit -D__CLANG_3_1__ -D__cdecl= -DAESL_SYN -D__SYNTHESIS__ -D__HLS_SYN__ -I C:/Xilinx/Vivado/2019.1/common/technology/autopilot -I C:/Xilinx/Vivado/2019.1/common/technology/autopilot/ap_sysc -include etc/autopilot_ssdm_op.h -D__DSP48E1__ -o C:/Users/namra/Documents/Documents/ece527/project/koa_mult/solution1/.autopilot/db/koa.pp.0.cpp
Command       clang done; 1.149 sec.
Execute       tidy_31 xilinx-xfmat-array-geometry C:/Users/namra/Documents/Documents/ece527/project/koa_mult/solution1/.autopilot/db/koa.pp.0.cpp std=gnu++98 
INFO-FLOW: exec C:/Xilinx/Vivado/2019.1/win64/tools/clang-3.9-csynth/bin/tidy-3.1 -header-filter=.* -checks=-*,xilinx-xfmat-array-geometry -quiet -fix C:/Users/namra/Documents/Documents/ece527/project/koa_mult/solution1/.autopilot/db/koa.pp.0.cpp -- -std=gnu++98 -fhls -ferror-limit=0
Command       tidy_31 done; 1.558 sec.
INFO-FLOW: Syntax Checking before pre-processing...
Execute       clang -syntaxcheck -src C:/Users/namra/Documents/Documents/ece527/project/koa_mult/solution1/.autopilot/db/koa.pp.0.cpp  -fno-limit-debug-info -gcc-toolchain "C:/Xilinx/Vivado/2019.1/msys" -hls    -fno-math-errno -c -emit-llvm -O0  -mllvm -disable-llvm-optzns -fno-threadsafe-statics  -fno-use-cxa-atexit  -fno-threadsafe-statics -fno-use-cxa-atexit -D__CLANG_3_1__ -D__cdecl= -DAESL_SYN -D__SYNTHESIS__ -D__HLS_SYN__ -I "C:/Xilinx/Vivado/2019.1/common/technology/autopilot" -I "C:/Xilinx/Vivado/2019.1/common/technology/autopilot/ap_sysc" -include etc/autopilot_ssdm_op.h -D__DSP48E1__  "C:/Users/namra/Documents/Documents/ece527/project/koa_mult/solution1/.autopilot/db/koa.pp.0.cpp"  -o "C:/Users/namra/Documents/Documents/ece527/project/koa_mult/solution1/.autopilot/db/useless.bc"  
INFO-FLOW: exec C:/Xilinx/Vivado/2019.1/win64/tools/clang/bin/clang -fno-limit-debug-info -gcc-toolchain C:/Xilinx/Vivado/2019.1/msys -hls -fno-math-errno -c -emit-llvm -O0 -mllvm -disable-llvm-optzns -fno-threadsafe-statics -fno-use-cxa-atexit -fno-threadsafe-statics -fno-use-cxa-atexit -D__CLANG_3_1__ -D__cdecl= -DAESL_SYN -D__SYNTHESIS__ -D__HLS_SYN__ -I C:/Xilinx/Vivado/2019.1/common/technology/autopilot -I C:/Xilinx/Vivado/2019.1/common/technology/autopilot/ap_sysc -include etc/autopilot_ssdm_op.h -D__DSP48E1__ C:/Users/namra/Documents/Documents/ece527/project/koa_mult/solution1/.autopilot/db/koa.pp.0.cpp -o C:/Users/namra/Documents/Documents/ece527/project/koa_mult/solution1/.autopilot/db/useless.bc
Command       clang done; 1.561 sec.
INFO-FLOW: Done: GCC PP time: 4.3 seconds per iteration
Execute       source C:/Xilinx/Vivado/2019.1/tps/tcl/tcllib1.11.1/yaml/huddle.tcl 
Execute       source C:/Xilinx/Vivado/2019.1/tps/tcl/tcllib1.11.1/yaml/json2huddle.tcl 
Execute         source C:/Xilinx/Vivado/2019.1/tps/tcl/tcllib1.11.1/try/try.tcl 
Execute       list_core -type functional_unit 
Execute       tidy_31 xilinx-systemc-detector C:/Users/namra/Documents/Documents/ece527/project/koa_mult/solution1/.autopilot/db/koa.pp.0.cpp std=gnu++98 -directive=C:/Users/namra/Documents/Documents/ece527/project/koa_mult/solution1/.autopilot/db/.systemc_flag 
INFO-FLOW: exec C:/Xilinx/Vivado/2019.1/win64/tools/clang-3.9-csynth/bin/tidy-3.1 -header-filter=.* -checks=-*,xilinx-systemc-detector -import-directive=C:/Users/namra/Documents/Documents/ece527/project/koa_mult/solution1/.autopilot/db/.systemc_flag -quiet -fix-errors C:/Users/namra/Documents/Documents/ece527/project/koa_mult/solution1/.autopilot/db/koa.pp.0.cpp -- -std=gnu++98 -fhls -ferror-limit=0
Command       tidy_31 done; 0.788 sec.
INFO-FLOW: Running: tidy-3.1 CDT preprocess
Execute       tidy_31 xilinx-directive2pragma C:/Users/namra/Documents/Documents/ece527/project/koa_mult/solution1/.autopilot/db/koa.pp.0.cpp std=gnu++98 -directive=C:/Users/namra/Documents/Documents/ece527/project/koa_mult/solution1/.autopilot/db/all.directive.json 
INFO-FLOW: exec C:/Xilinx/Vivado/2019.1/win64/tools/clang-3.9-csynth/bin/tidy-3.1 -header-filter=.* -checks=-*,xilinx-directive2pragma -import-directive=C:/Users/namra/Documents/Documents/ece527/project/koa_mult/solution1/.autopilot/db/all.directive.json -quiet -fix-errors C:/Users/namra/Documents/Documents/ece527/project/koa_mult/solution1/.autopilot/db/koa.pp.0.cpp -- -std=gnu++98 -fhls -ferror-limit=0
Command       tidy_31 done; 0.725 sec.
Execute       get_config_dataflow -strict_mode 
Execute       ap_eval exec -ignorestderr C:/Xilinx/Vivado/2019.1/win64/tools/clang-3.9-csynth/bin/xilinx-dataflow-lawyer -export-fixes=C:/Users/namra/Documents/Documents/ece527/project/koa_mult/solution1/.autopilot/db/xilinx-dataflow-lawyer.koa.pp.0.cpp.diag.yml C:/Users/namra/Documents/Documents/ece527/project/koa_mult/solution1/.autopilot/db/koa.pp.0.cpp -- -std=gnu++98 -fhls -ferror-limit=0 -fstrict-dataflow > C:/Users/namra/Documents/Documents/ece527/project/koa_mult/solution1/.autopilot/db/xilinx-dataflow-lawyer.koa.pp.0.cpp.out.log 2> C:/Users/namra/Documents/Documents/ece527/project/koa_mult/solution1/.autopilot/db/xilinx-dataflow-lawyer.koa.pp.0.cpp.err.log 
Command       ap_eval done; 0.527 sec.
Execute       tidy_31 -errorcheck xilinx-constantarray-param,xilinx-resource-pragma-transformer,xilinx-xfmat-array-geometry C:/Users/namra/Documents/Documents/ece527/project/koa_mult/solution1/.autopilot/db/koa.pp.0.cpp std=gnu++98 
Execute         ap_eval exec -ignorestderr C:/Xilinx/Vivado/2019.1/win64/tools/clang-3.9-csynth/bin/tidy-3.1 -export-fixes=C:/Users/namra/Documents/Documents/ece527/project/koa_mult/solution1/.autopilot/db/tidy-3.1.koa.pp.0.cpp.diag.yml -header-filter=.* -checks=-*,xilinx-constantarray-param,xilinx-resource-pragma-transformer,xilinx-xfmat-array-geometry -quiet -fix-errors C:/Users/namra/Documents/Documents/ece527/project/koa_mult/solution1/.autopilot/db/koa.pp.0.cpp -- -std=gnu++98 -fhls -ferror-limit=0 > C:/Users/namra/Documents/Documents/ece527/project/koa_mult/solution1/.autopilot/db/tidy-3.1.koa.pp.0.cpp.out.log 2> C:/Users/namra/Documents/Documents/ece527/project/koa_mult/solution1/.autopilot/db/tidy-3.1.koa.pp.0.cpp.err.log 
Command         ap_eval done; 0.859 sec.
Execute         ap_eval exec -ignorestderr C:/Xilinx/Vivado/2019.1/win64/tools/clang-3.9-csynth/bin/xilinx-legacy-rewriter C:/Users/namra/Documents/Documents/ece527/project/koa_mult/solution1/.autopilot/db/koa.pp.0.cpp -- -std=gnu++98 -fhls -ferror-limit=0 > C:/Users/namra/Documents/Documents/ece527/project/koa_mult/solution1/.autopilot/db/xilinx-legacy-rewriter.koa.pp.0.cpp.out.log 2> C:/Users/namra/Documents/Documents/ece527/project/koa_mult/solution1/.autopilot/db/xilinx-legacy-rewriter.koa.pp.0.cpp.err.log 
Command         ap_eval done; 0.472 sec.
Command       tidy_31 done; 1.337 sec.
INFO-FLOW: Done: tidy-3.1 CDT preprocess time: 2.6 seconds per iteration
INFO-FLOW: Pragma Handling...
Execute       tidy_31 xilinx-ssdm-intrinsics-arguments C:/Users/namra/Documents/Documents/ece527/project/koa_mult/solution1/.autopilot/db/koa.pragma.1.cpp std=gnu++98 
INFO-FLOW: exec C:/Xilinx/Vivado/2019.1/win64/tools/clang-3.9-csynth/bin/tidy-3.1 -header-filter=.* -checks=-*,xilinx-ssdm-intrinsics-arguments -quiet -fix-errors C:/Users/namra/Documents/Documents/ece527/project/koa_mult/solution1/.autopilot/db/koa.pragma.1.cpp -- -std=gnu++98 -fhls -ferror-limit=0
Command       tidy_31 done; 1.776 sec.
Execute       ap_part_info -name xc7z020-clg400-1 -data info 
INFO-FLOW: Processing labels
Execute       clang -src C:/Users/namra/Documents/Documents/ece527/project/koa_mult/solution1/.autopilot/db/koa.pragma.2.cpp  -fno-limit-debug-info -gcc-toolchain C:/Xilinx/Vivado/2019.1/msys -hls -hls-analyze-label -hls-analyze-pragma -fno-exceptions  -D__llvm__  -w  "C:/Users/namra/Documents/Documents/ece527/project/koa_mult/solution1/.autopilot/db/koa.pragma.2.cpp"    -fno-math-errno -c -emit-llvm -O0  -mllvm -disable-llvm-optzns -fno-threadsafe-statics  -fno-use-cxa-atexit -DAESL_SYN -D__SYNTHESIS__ -D__HLS_SYN__ -I "C:/Xilinx/Vivado/2019.1/common/technology/autopilot" -I "C:/Xilinx/Vivado/2019.1/common/technology/autopilot/ap_sysc" -include etc/autopilot_ssdm_op.h -D__DSP48E1__ -g -o "C:/Users/namra/Documents/Documents/ece527/project/koa_mult/solution1/.autopilot/db/koa.bc" 
INFO-FLOW: exec C:/Xilinx/Vivado/2019.1/win64/tools/clang/bin/clang -fno-limit-debug-info -gcc-toolchain C:/Xilinx/Vivado/2019.1/msys -hls -hls-analyze-label -hls-analyze-pragma -fno-exceptions -D__llvm__ -w C:/Users/namra/Documents/Documents/ece527/project/koa_mult/solution1/.autopilot/db/koa.pragma.2.cpp -fno-math-errno -c -emit-llvm -O0 -mllvm -disable-llvm-optzns -fno-threadsafe-statics -fno-use-cxa-atexit -DAESL_SYN -D__SYNTHESIS__ -D__HLS_SYN__ -I C:/Xilinx/Vivado/2019.1/common/technology/autopilot -I C:/Xilinx/Vivado/2019.1/common/technology/autopilot/ap_sysc -include etc/autopilot_ssdm_op.h -D__DSP48E1__ -g -o C:/Users/namra/Documents/Documents/ece527/project/koa_mult/solution1/.autopilot/db/koa.bc
Command       clang done; 1.642 sec.
INFO-FLOW: Linking Debug ...
Execute       llvm-ld C:/Users/namra/Documents/Documents/ece527/project/koa_mult/solution1/.autopilot/db/koa.g.bc -hls-opt -except-internalize koa_mult_h1 -LC:/Xilinx/Vivado/2019.1/win64/lib -lhlsm -lhlsmc++ -o C:/Users/namra/Documents/Documents/ece527/project/koa_mult/solution1/.autopilot/db/a.g 
Command       llvm-ld done; 3.093 sec.
INFO: [HLS 200-111] Finished Linking Time (s): cpu = 00:00:01 ; elapsed = 00:00:16 . Memory (MB): peak = 170.582 ; gain = 79.234
INFO: [HLS 200-111] Finished Checking Pragmas Time (s): cpu = 00:00:01 ; elapsed = 00:00:16 . Memory (MB): peak = 170.582 ; gain = 79.234
Execute       get_config_sdx -target 
Execute       opt_and_import_c a -opt_level=2 -skip_syncheck=0 -ng=0 -keep_printf=0 
Execute         cleanup_all_models 
INFO: [HLS 200-10] Starting code transformations ...
Execute         transform -promote-dbg-pointer C:/Users/namra/Documents/Documents/ece527/project/koa_mult/solution1/.autopilot/db/a.pp.bc -o C:/Users/namra/Documents/Documents/ece527/project/koa_mult/solution1/.autopilot/db/a.pp.0.bc -f 
Command         transform done; 0.137 sec.
Execute         llvm-ld C:/Users/namra/Documents/Documents/ece527/project/koa_mult/solution1/.autopilot/db/a.pp.0.bc -disable-opt -LC:/Xilinx/Vivado/2019.1/win64/lib -lfloatconversion -o C:/Users/namra/Documents/Documents/ece527/project/koa_mult/solution1/.autopilot/db/a.g.0 
Command         llvm-ld done; 0.775 sec.
INFO-FLOW: Running Standard Transforms...
Execute         transform -hls -share-std-xform -demangle-name -inline-byval-memcpy -always-inline -promote-dbg-pointer -interface-preproc -mem2reg -scalarrepl -mem2reg -keep-read-access -instcombine -dce -promote-dbg-pointer -bitop-raise -loop-simplify -indvarspre -indvars -loop-simplify -xunroll -constprop -instcombine -simplifycfg -indvars -simplifycfg -dce -globaldce -basicaa -simplifycfg -mem2reg -globalopt -global-constprop -deadargelim -instcombine -simplifycfg -prune-eh -simplifycfg -scalarrepl -instcombine -reassociate -licm -simplifycfg -loop-simplify -indvars -instcombine -simplifycfg -mem2reg -loop-simplify -indvars -instcombine -gvn -gvn -instcombine -adce -break-crit-edges -simplifycfg -loop-delete -global-array-opt -dce -dse -adce -find-syn-modules -top koa_mult_h1 -deadargelim -mem2reg -instcombine -dce -presyn-prepare -auto-rom-infer -interface-preproc -syn-check -check-rec-only -find-region -simplifycfg -func-extr -function-inline -globaldce -mem2reg -instcombine -dce -gvn -globaldce -adce -adse -constprop -instcombine -bit-constprop -instcombine -dce -simplifycfg -bitop-raise -simplifycfg -dce -loop-delete -reassociate -globalopt -global-privatize -mem2reg -dce -global-constprop -pointer-simplify -constprop -dce -func-inst -deadargelim -auto-shift-reg-idiom -promote-dbg-pointer -norm-name C:/Users/namra/Documents/Documents/ece527/project/koa_mult/solution1/.autopilot/db/a.g.0.bc -o C:/Users/namra/Documents/Documents/ece527/project/koa_mult/solution1/.autopilot/db/a.g.1.bc -f -phase std-opt 
Command         transform done; 0.205 sec.
INFO: [HLS 200-111] Finished Standard Transforms Time (s): cpu = 00:00:01 ; elapsed = 00:00:17 . Memory (MB): peak = 170.582 ; gain = 79.234
INFO: [HLS 200-10] Checking synthesizability ...
INFO-FLOW: Checking Synthesizability 1/2..
Execute         transform -hls -syn-check -check-rec-only -disaggr -scalarrepl -norm-name -dce -mem2reg -instcombine -function-uniquify -directive-preproc -mem2reg -dse -dce -auto-rom-infer -dce -pag -array-normalize -instcombine -dce -warn-fifo-pointer -array-seg-normalize -instcombine -dce -array-flatten -instcombine -dce -array-burst -dce -deadargelim -promote-global-argument -simplifycfg -mem2reg -globaldce -dce -deadargelim -dce -instcombine -function-inline -globaldce -dce -doublePtrSimplify -doublePtrElim -dce -doublePtrSimplify -promote-dbg-pointer -dce -scalarrepl -dse -adse -instcombine -ptrLegalization -simplifycfg -dce -instcombine -pointer-simplify -ptrArgReplace -dce -instcombine -resolve-double-ptr -disaggr -scalarrepl -norm-name -dce -mem2reg -instcombine -ptrLegalization -simplifycfg -deadargelim -instcombine -dce -inst-simplify -function-uniquify -directive-preproc -mem2reg -dse -dce -globaldce -check-dspbuiltin C:/Users/namra/Documents/Documents/ece527/project/koa_mult/solution1/.autopilot/db/a.g.1.bc -o C:/Users/namra/Documents/Documents/ece527/project/koa_mult/solution1/.autopilot/db/a.g.2.prechk.bc -f 
Command         transform done; 0.172 sec.
INFO-FLOW: Checking Synthesizability 2/2..
Execute         transform -syn-check C:/Users/namra/Documents/Documents/ece527/project/koa_mult/solution1/.autopilot/db/a.g.2.prechk.bc -o C:/Users/namra/Documents/Documents/ece527/project/koa_mult/solution1/.autopilot/db/a.g.2.bc -f -phase syn-check 
WARNING: [SYNCHK 200-23] koa_mult/koa.cpp:297: variable-indexed range selection may cause suboptimal QoR.
INFO: [SYNCHK 200-10] 0 error(s), 1 warning(s).
INFO: [HLS 200-111] Finished Checking Synthesizability Time (s): cpu = 00:00:01 ; elapsed = 00:00:17 . Memory (MB): peak = 170.582 ; gain = 79.234
INFO-FLOW: Compiler optimizing ...
INFO-FLOW: Share syncheck's 1.bc for syn flow: copy C:/Users/namra/Documents/Documents/ece527/project/koa_mult/solution1/.autopilot/db/a.g.1.bc to C:/Users/namra/Documents/Documents/ece527/project/koa_mult/solution1/.autopilot/db/a.o.1.bc
INFO-FLOW: Presyn 1...
Execute         transform -hls -tmp C:/Users/namra/Documents/Documents/ece527/project/koa_mult/solution1/.autopilot/db -interface-port-rename -type-info -function-uniquify -directive-preproc -mem2reg -dse -dce -disaggr -scalarrepl -norm-name -deadargelim -mem2reg -instcombine -dce -simplifycfg -auto-rom-infer -dce -function-uniquify -resource-proc -clib-intrinsic-prepare -dce -func-buffer -dce -pag -array-normalize -func-legal -instcombine -gvn -constprop -dce -simplifycfg -mem2reg -globaldce -resolve-double-ptr -dce -deadargelim -dce -instcombine -ptrArgReplace -mem2reg -dce -array-seg-normalize -deadargelim -instcombine -dce -pointer-simplify -dce -port-alignment -dce -interface-preproc -data-pack -instcombine -dce -basicaa -aggr-aa -aggrmodref-aa -aggr-aa -gvn -gvn -basicaa -aggr-aa -aggrmodref-aa -aggr-aa -dse -adse -adce -loop-simplify -indvars -instcombine -gvn -loop-simplify -mem2reg -dce -find-region -instcombine -auto-loop-pipeline -inst-simplify -interface-preproc -cfgopt -instcombine -indvars -auto-loop-unroll -loop-simplify -loop-bound -xunroll -constprop -instcombine -simplifycfg -indvars -simplifycfg -dce -globaldce -clean-region -attach-range -gvn -inst-simplify -constprop -simplifycfg -dce -pointer-simplify -dce -globalopt -constprop -dce -array-promote -constprop -dce -ptrArgReplace -mem2reg -simplifycfg -dce -auto-par -instcombine -dce -array-transform-check -array-reshape -instcombine -simplifycfg -dce -ptrArgReplace -deadargelim -mem2reg -instcombine -simplifycfg -dce -indvars -loop-simplify -loop-bound -xunroll -constprop -instcombine -simplifycfg -indvars -simplifycfg -dce -globaldce -basicaa -aggr-aa -aggrmodref-aa -aggr-aa -dse -duplicate-dataflow-processes -globaldce -instcombine -array-partition -instcombine -simplifycfg -dce -ptrArgReplace -global-constprop -deadargelim -mem2reg -func-legal -dce -global-constprop -deadargelim -mem2reg -simplifycfg -dce -merge-param -deadargelim -globalopt -constprop -dce -array-promote -constprop -dce -ptrArgReplace -mem2reg -simplifycfg -dce -mem-intrinsic-preproc -dce -global-internalize -global-privatize -mem2reg -globaldce -promote-global-argument -ptrArgReplace -mem2reg -dce -globalopt -mergereturn -simplify-global-access -mem2reg -dce -pointer-simplify -dce -functionattrs -basicaa -aggr-aa -aggrmodref-aa -aggr-aa -gvn -gvn -basicaa -aggr-aa -aggrmodref-aa -aggr-aa -dse -adse -adce -dce -norm-name -function-inline -complex-op-raise -inst-simplify -globaldce -func-inst -constprop -instcombine -simplifycfg -dce -func-legal -dce -loop-bound -arraycheck -bitwidthmin -on-by-dataflow -loop-delete -instcombine -simplifycfg -globaldce -dce -gvn -deadargelim -dce -loop-simplify -clean-region -simplifycfg -propagate-stable-arguments -loop-stream -instcombine -simplifycfg -dce -globaldce -duplicate-dataflow-processes -stream-intrinsic-preproc -dce -check-ap-stream -loop-simplify -eliminate-keepreads -extract-dataflow-in-loop -loop-simplify -dce -gvn -deadargelim -dse -check-dataflow-syntax -legalize-stream-variable -legalize-global -extract-subproc -dce -dead-channel-elimination -canonicalize-gep -globaldce -dce -gvn -deadargelim -annotate-dataflow-channels -scalar-propagation -deadargelim -globaldce -mem2reg -check-dataflow-channels -function-stream -dce -globaldce -prop-fifo-spec -internal-stream-gen -canonicalize-gep -globaldce -dce -gvn -deadargelim -mergereturn -indvars -loop-simplify -instcombine -array-stream -array-seg-normalize -array-partition -func-legal -instcombine -simplifycfg -dce -bundle-memfifo-ops -deadargelim -function-uniquify -directive-preproc -mem2reg -dse -dce -group-axi-access -licm -simplifycfg -dce -loop-delete -norm-name C:/Users/namra/Documents/Documents/ece527/project/koa_mult/solution1/.autopilot/db/a.o.1.bc -o C:/Users/namra/Documents/Documents/ece527/project/koa_mult/solution1/.autopilot/db/a.o.1.tmp.bc -f 
INFO: [XFORM 203-502] Unrolling all sub-loops inside loop 'loopb2' (koa_mult/koa.cpp:302) in function 'bc_mult_2' for pipelining.
INFO: [XFORM 203-502] Unrolling all sub-loops inside loop 'loopb2' (koa_mult/koa.cpp:252) in function 'bc_mult_1' for pipelining.
INFO: [XFORM 203-502] Unrolling all sub-loops inside loop 'loopb2' (koa_mult/koa.cpp:202) in function 'bc_mult' for pipelining.
INFO: [HLS 200-489] Unrolling loop 'loopb1' (koa_mult/koa.cpp:295) in function 'bc_mult_2' completely with a factor of 4.
INFO: [HLS 200-489] Unrolling loop 'loopb3' (koa_mult/koa.cpp:304) in function 'bc_mult_2' completely with a factor of 4.
INFO: [HLS 200-489] Unrolling loop 'loop3_1' (koa_mult/koa.cpp:314) in function 'bc_mult_2' completely with a factor of 4.
INFO: [HLS 200-489] Unrolling loop 'loopb1' (koa_mult/koa.cpp:245) in function 'bc_mult_1' completely with a factor of 4.
INFO: [HLS 200-489] Unrolling loop 'loopb3' (koa_mult/koa.cpp:254) in function 'bc_mult_1' completely with a factor of 4.
INFO: [HLS 200-489] Unrolling loop 'loop3_1' (koa_mult/koa.cpp:264) in function 'bc_mult_1' completely with a factor of 4.
INFO: [HLS 200-489] Unrolling loop 'loopb1' (koa_mult/koa.cpp:195) in function 'bc_mult' completely with a factor of 4.
INFO: [HLS 200-489] Unrolling loop 'loopb3' (koa_mult/koa.cpp:204) in function 'bc_mult' completely with a factor of 4.
INFO: [HLS 200-489] Unrolling loop 'loop3_1' (koa_mult/koa.cpp:214) in function 'bc_mult' completely with a factor of 4.
INFO: [XFORM 203-101] Partitioning array 'ai.V' (koa_mult/koa.cpp:286) in dimension 1 completely.
INFO: [XFORM 203-101] Partitioning array 'bi.V' (koa_mult/koa.cpp:287) in dimension 1 completely.
INFO: [XFORM 203-101] Partitioning array 'partial_products.V' (koa_mult/koa.cpp:282) in dimension 1 completely.
INFO: [XFORM 203-101] Partitioning array 'sum.V' (koa_mult/koa.cpp:288) in dimension 1 completely.
INFO: [XFORM 203-101] Partitioning array 'ai.V' (koa_mult/koa.cpp:236) in dimension 1 completely.
INFO: [XFORM 203-101] Partitioning array 'bi.V' (koa_mult/koa.cpp:237) in dimension 1 completely.
INFO: [XFORM 203-101] Partitioning array 'partial_products.V' (koa_mult/koa.cpp:232) in dimension 1 completely.
INFO: [XFORM 203-101] Partitioning array 'sum.V' (koa_mult/koa.cpp:238) in dimension 1 completely.
INFO: [XFORM 203-101] Partitioning array 'ai.V' (koa_mult/koa.cpp:186) in dimension 1 completely.
INFO: [XFORM 203-101] Partitioning array 'bi.V' (koa_mult/koa.cpp:187) in dimension 1 completely.
INFO: [XFORM 203-101] Partitioning array 'partial_products.V' (koa_mult/koa.cpp:182) in dimension 1 completely.
INFO: [XFORM 203-101] Partitioning array 'sum.V' (koa_mult/koa.cpp:188) in dimension 1 completely.
INFO: [XFORM 203-101] Partitioning array 'partial_products.V' (koa_mult/koa.cpp:282) in dimension 2 completely.
INFO: [XFORM 203-101] Partitioning array 'partial_products.V' (koa_mult/koa.cpp:232) in dimension 2 completely.
INFO: [XFORM 203-101] Partitioning array 'partial_products.V' (koa_mult/koa.cpp:182) in dimension 2 completely.
Command         transform done; 0.516 sec.
INFO-FLOW: Presyn 2...
Execute         transform -hls -keep-callgraph -scalarrepl -mem2reg -port-alignment -attach-range -dce -pipe-mux-gen -indvars -loop-bound -inst-simplify -instcombine -dce -merge-array-access -mem2reg -dce -clean-region -mergereturn -if-conv -instcombine -dce -constprop -basicaa -aggr-aa -aggrmodref-aa -aggr-aa -gvn -gvn -basicaa -aggr-aa -aggrmodref-aa -aggr-aa -dse -adse -adce -scalarrepl -mem2reg -global-constprop -deadargelim -deadargelim -instcombine -dce -simplifycfg -ptrArgReplace -mem2reg -function-inline -globaldce -mem2reg -instcombine -dce -expr-balance -instcombine -dce -bitwidthmin -interface-preproc -directive-preproc -inst-rectify -instcombine -dce -functionattrs -constprop -instcombine -bit-constprop -simplify-global-access -globalopt -globaldce -inst-simplify -instcombine -elimdeaddata -dce -loop-delete -simplifycfg -loop-simplify -auto-burst -norm-name C:/Users/namra/Documents/Documents/ece527/project/koa_mult/solution1/.autopilot/db/a.o.1.tmp.bc -o C:/Users/namra/Documents/Documents/ece527/project/koa_mult/solution1/.autopilot/db/a.o.2.bc -f -phase presyn 
INFO: [XFORM 203-11] Balancing expressions in function 'bc_mult_2' (koa_mult/koa.cpp:297:28)...3 expression(s) balanced.
INFO: [XFORM 203-11] Balancing expressions in function 'bc_mult_1' (koa_mult/koa.cpp:247:28)...3 expression(s) balanced.
INFO: [XFORM 203-11] Balancing expressions in function 'bc_mult' (koa_mult/koa.cpp:197:28)...3 expression(s) balanced.
Command         transform done; 0.251 sec.
INFO: [HLS 200-111] Finished Pre-synthesis Time (s): cpu = 00:00:02 ; elapsed = 00:00:18 . Memory (MB): peak = 180.367 ; gain = 89.020
INFO-FLOW: Building ssdm...
Execute         transform -hls -function-uniquify -auto-function-inline -globaldce -ptrArgReplace -mem2reg -dce -reset-lda -loop-simplify -indvars -licm -loop-dep -loop-bound -licm -loop-simplify -flattenloopnest -array-flatten -gvn -instcombine -dce -array-map -dce -func-legal -gvn -adce -instcombine -cfgopt -simplifycfg -loop-simplify -array-burst -promote-global-argument -dce -ptrLegalization -axi4-lower -array-seg-normalize -basicaa -aggrmodref-aa -globalsmodref-aa -aggr-aa -gvn -gvn -basicaa -aggrmodref-aa -globalsmodref-aa -aggr-aa -dse -adse -adce -licm -inst-simplify -dce -globaldce -instcombine -array-stream -eliminate-keepreads -instcombine -dce -deadargelim -doublePtrSimplify -doublePtrElim -dce -doublePtrSimplify -promote-dbg-pointer -dce -scalarrepl -mem2reg -disaggr -norm-name -mem2reg -instcombine -dse -adse -adce -ptrLegalization -dce -auto-rom-infer -array-flatten -dce -instcombine -check-doubleptr -loop-rot -constprop -cfgopt -simplifycfg -loop-simplify -indvars -pointer-simplify -dce -loop-bound -loop-simplify -loop-preproc -constprop -global-constprop -gvn -mem2reg -instcombine -dce -loop-bound -loop-merge -dce -bitwidthmin -deadargelim -dce -canonicalize-dataflow -dce -scalar-propagation -deadargelim -globaldce -mem2reg -read-loop-dep -interface-preproc -directive-preproc -interface-gen -bram-byte-enable -deadargelim -inst-simplify -dce -gvn -mem2reg -instcombine -dce -adse -loop-bound -instcombine -cfgopt -simplifycfg -loop-simplify -clean-region -io-protocol -find-region -mem2reg -bitop-raise -complex-op-raise -inst-simplify -inst-rectify -instcombine -adce -deadargelim -loop-simplify -phi-opt -bitop-raise -cfgopt -simplifycfg -strip-dead-prototypes -interface-lower -bitop-lower -intrinsic-lower -auto-function-inline -basicaa -aggrmodref-aa -globalsmodref-aa -aggr-aa -inst-simplify -simplifycfg -loop-simplify -mergereturn -inst-simplify -inst-rectify -dce -load-elim -bitop-lower -loop-rewind -pointer-simplify -dce -cfgopt -dce -loop-bound -loop-dep -read-loop-dep -dce -check-stream -norm-name -legalize -validate-dataflow -inst-clarity -bitwidth -dump-loop-dep-to-ir -check-all-ssdm -cdfg-build C:/Users/namra/Documents/Documents/ece527/project/koa_mult/solution1/.autopilot/db/a.o.2.bc -o C:/Users/namra/Documents/Documents/ece527/project/koa_mult/solution1/.autopilot/db/a.o.3.bc -f -phase build-ssdm 
Command         transform done; 0.485 sec.
INFO: [HLS 200-111] Finished Architecture Synthesis Time (s): cpu = 00:00:02 ; elapsed = 00:00:18 . Memory (MB): peak = 203.668 ; gain = 112.320
INFO-FLOW: Finish building internal data model.
Command       opt_and_import_c done; 2.624 sec.
Command     elaborate done; 16.932 sec.
Execute     autosyn -from_csynth_design=1 
INFO: [HLS 200-10] Starting hardware synthesis ...
INFO-FLOW: Synthesizing C/C++ design ...
INFO: [HLS 200-10] Synthesizing 'koa_mult_h1' ...
Execute       ap_set_top_model koa_mult_h1 
Execute       get_model_list koa_mult_h1 -filter all-wo-channel -topdown 
Execute       preproc_iomode -model koa_mult_h1 
Execute       preproc_iomode -model bc_mult_2 
Execute       preproc_iomode -model bc_mult_1 
Execute       preproc_iomode -model bc_mult 
Execute       get_model_list koa_mult_h1 -filter all-wo-channel 
INFO-FLOW: Model list for configure: bc_mult bc_mult_1 bc_mult_2 koa_mult_h1
INFO-FLOW: Configuring Module : bc_mult ...
Execute       set_default_model bc_mult 
Execute       apply_spec_resource_limit bc_mult 
INFO-FLOW: Configuring Module : bc_mult_1 ...
Execute       set_default_model bc_mult_1 
Execute       apply_spec_resource_limit bc_mult_1 
INFO-FLOW: Configuring Module : bc_mult_2 ...
Execute       set_default_model bc_mult_2 
Execute       apply_spec_resource_limit bc_mult_2 
INFO-FLOW: Configuring Module : koa_mult_h1 ...
Execute       set_default_model koa_mult_h1 
Execute       apply_spec_resource_limit koa_mult_h1 
INFO-FLOW: Model list for preprocess: bc_mult bc_mult_1 bc_mult_2 koa_mult_h1
INFO-FLOW: Preprocessing Module: bc_mult ...
Execute       set_default_model bc_mult 
Execute       cdfg_preprocess -model bc_mult 
Execute       rtl_gen_preprocess bc_mult 
INFO-FLOW: Preprocessing Module: bc_mult_1 ...
Execute       set_default_model bc_mult_1 
Execute       cdfg_preprocess -model bc_mult_1 
Execute       rtl_gen_preprocess bc_mult_1 
INFO-FLOW: Preprocessing Module: bc_mult_2 ...
Execute       set_default_model bc_mult_2 
Execute       cdfg_preprocess -model bc_mult_2 
Execute       rtl_gen_preprocess bc_mult_2 
INFO-FLOW: Preprocessing Module: koa_mult_h1 ...
Execute       set_default_model koa_mult_h1 
Execute       cdfg_preprocess -model koa_mult_h1 
Execute       rtl_gen_preprocess koa_mult_h1 
INFO-FLOW: Model list for synthesis: bc_mult bc_mult_1 bc_mult_2 koa_mult_h1
INFO: [HLS 200-10] ----------------------------------------------------------------
INFO: [HLS 200-42] -- Implementing module 'bc_mult' 
INFO: [HLS 200-10] ----------------------------------------------------------------
Execute       set_default_model bc_mult 
Execute       schedule -model bc_mult 
INFO: [SCHED 204-11] Starting scheduling ...
INFO: [SCHED 204-61] Pipelining loop 'loopb2'.
INFO: [SCHED 204-61] Pipelining result : Target II = 1, Final II = 1, Depth = 6.
INFO: [SCHED 204-11] Finished scheduling.
Command       schedule done; 0.148 sec.
INFO: [HLS 200-111]  Elapsed time: 18.557 seconds; current allocated memory: 154.498 MB.
Execute       syn_report -verbosereport -o C:/Users/namra/Documents/Documents/ece527/project/koa_mult/solution1/.autopilot/db/bc_mult.verbose.sched.rpt 
INFO: [HLS 200-434] Only 1 loops out of a total 2 loops have been pipelined in this design.
Execute       db_write -o C:/Users/namra/Documents/Documents/ece527/project/koa_mult/solution1/.autopilot/db/bc_mult.sched.adb -f 
INFO-FLOW: Finish scheduling bc_mult.
Execute       set_default_model bc_mult 
Execute       bind -model bc_mult 
BIND OPTION: model=bc_mult
INFO: [BIND 205-100] Starting micro-architecture generation ...
INFO: [BIND 205-101] Performing variable lifetime analysis.
INFO: [BIND 205-101] Exploring resource sharing.
INFO: [BIND 205-101] Binding ...
INFO: [BIND 205-100] Finished micro-architecture generation.
INFO: [HLS 200-111]  Elapsed time: 0.113 seconds; current allocated memory: 154.986 MB.
Execute       syn_report -verbosereport -o C:/Users/namra/Documents/Documents/ece527/project/koa_mult/solution1/.autopilot/db/bc_mult.verbose.bind.rpt 
Execute       db_write -o C:/Users/namra/Documents/Documents/ece527/project/koa_mult/solution1/.autopilot/db/bc_mult.bind.adb -f 
INFO-FLOW: Finish binding bc_mult.
INFO: [HLS 200-10] ----------------------------------------------------------------
INFO: [HLS 200-42] -- Implementing module 'bc_mult_1' 
INFO: [HLS 200-10] ----------------------------------------------------------------
Execute       set_default_model bc_mult_1 
Execute       schedule -model bc_mult_1 
INFO: [SCHED 204-11] Starting scheduling ...
INFO: [SCHED 204-61] Pipelining loop 'loopb2'.
INFO: [SCHED 204-61] Pipelining result : Target II = 1, Final II = 1, Depth = 6.
INFO: [SCHED 204-11] Finished scheduling.
Command       schedule done; 0.103 sec.
INFO: [HLS 200-111]  Elapsed time: 0.229 seconds; current allocated memory: 155.410 MB.
Execute       syn_report -verbosereport -o C:/Users/namra/Documents/Documents/ece527/project/koa_mult/solution1/.autopilot/db/bc_mult_1.verbose.sched.rpt 
Execute       db_write -o C:/Users/namra/Documents/Documents/ece527/project/koa_mult/solution1/.autopilot/db/bc_mult_1.sched.adb -f 
INFO-FLOW: Finish scheduling bc_mult_1.
Execute       set_default_model bc_mult_1 
Execute       bind -model bc_mult_1 
BIND OPTION: model=bc_mult_1
INFO: [BIND 205-100] Starting micro-architecture generation ...
INFO: [BIND 205-101] Performing variable lifetime analysis.
INFO: [BIND 205-101] Exploring resource sharing.
INFO: [BIND 205-101] Binding ...
INFO: [BIND 205-100] Finished micro-architecture generation.
INFO: [HLS 200-111]  Elapsed time: 0.092 seconds; current allocated memory: 155.839 MB.
Execute       syn_report -verbosereport -o C:/Users/namra/Documents/Documents/ece527/project/koa_mult/solution1/.autopilot/db/bc_mult_1.verbose.bind.rpt 
Execute       db_write -o C:/Users/namra/Documents/Documents/ece527/project/koa_mult/solution1/.autopilot/db/bc_mult_1.bind.adb -f 
INFO-FLOW: Finish binding bc_mult_1.
INFO: [HLS 200-10] ----------------------------------------------------------------
INFO: [HLS 200-42] -- Implementing module 'bc_mult_2' 
INFO: [HLS 200-10] ----------------------------------------------------------------
Execute       set_default_model bc_mult_2 
Execute       schedule -model bc_mult_2 
INFO: [SCHED 204-11] Starting scheduling ...
INFO: [SCHED 204-61] Pipelining loop 'loopb2'.
INFO: [SCHED 204-61] Pipelining result : Target II = 1, Final II = 1, Depth = 6.
INFO: [SCHED 204-11] Finished scheduling.
INFO: [HLS 200-111]  Elapsed time: 0.2 seconds; current allocated memory: 156.247 MB.
Execute       syn_report -verbosereport -o C:/Users/namra/Documents/Documents/ece527/project/koa_mult/solution1/.autopilot/db/bc_mult_2.verbose.sched.rpt 
Execute       db_write -o C:/Users/namra/Documents/Documents/ece527/project/koa_mult/solution1/.autopilot/db/bc_mult_2.sched.adb -f 
INFO-FLOW: Finish scheduling bc_mult_2.
Execute       set_default_model bc_mult_2 
Execute       bind -model bc_mult_2 
BIND OPTION: model=bc_mult_2
INFO: [BIND 205-100] Starting micro-architecture generation ...
INFO: [BIND 205-101] Performing variable lifetime analysis.
INFO: [BIND 205-101] Exploring resource sharing.
INFO: [BIND 205-101] Binding ...
INFO: [BIND 205-100] Finished micro-architecture generation.
INFO: [HLS 200-111]  Elapsed time: 0.104 seconds; current allocated memory: 156.713 MB.
Execute       syn_report -verbosereport -o C:/Users/namra/Documents/Documents/ece527/project/koa_mult/solution1/.autopilot/db/bc_mult_2.verbose.bind.rpt 
Execute       db_write -o C:/Users/namra/Documents/Documents/ece527/project/koa_mult/solution1/.autopilot/db/bc_mult_2.bind.adb -f 
INFO-FLOW: Finish binding bc_mult_2.
INFO: [HLS 200-10] ----------------------------------------------------------------
INFO: [HLS 200-42] -- Implementing module 'koa_mult_h1' 
INFO: [HLS 200-10] ----------------------------------------------------------------
Execute       set_default_model koa_mult_h1 
Execute       schedule -model koa_mult_h1 
INFO: [SCHED 204-11] Starting scheduling ...
INFO: [SCHED 204-11] Finished scheduling.
INFO: [HLS 200-111]  Elapsed time: 0.141 seconds; current allocated memory: 156.786 MB.
Execute       syn_report -verbosereport -o C:/Users/namra/Documents/Documents/ece527/project/koa_mult/solution1/.autopilot/db/koa_mult_h1.verbose.sched.rpt 
Execute       db_write -o C:/Users/namra/Documents/Documents/ece527/project/koa_mult/solution1/.autopilot/db/koa_mult_h1.sched.adb -f 
INFO-FLOW: Finish scheduling koa_mult_h1.
Execute       set_default_model koa_mult_h1 
Execute       bind -model koa_mult_h1 
BIND OPTION: model=koa_mult_h1
INFO: [BIND 205-100] Starting micro-architecture generation ...
INFO: [BIND 205-101] Performing variable lifetime analysis.
INFO: [BIND 205-101] Exploring resource sharing.
INFO: [BIND 205-101] Binding ...
INFO: [BIND 205-100] Finished micro-architecture generation.
Command       bind done; 0.103 sec.
INFO: [HLS 200-111]  Elapsed time: 0.142 seconds; current allocated memory: 156.938 MB.
Execute       syn_report -verbosereport -o C:/Users/namra/Documents/Documents/ece527/project/koa_mult/solution1/.autopilot/db/koa_mult_h1.verbose.bind.rpt 
Execute       db_write -o C:/Users/namra/Documents/Documents/ece527/project/koa_mult/solution1/.autopilot/db/koa_mult_h1.bind.adb -f 
INFO-FLOW: Finish binding koa_mult_h1.
Execute       get_model_list koa_mult_h1 -filter all-wo-channel 
INFO-FLOW: Preprocessing for RTLGen ...
Execute       rtl_gen_preprocess bc_mult 
Execute       rtl_gen_preprocess bc_mult_1 
Execute       rtl_gen_preprocess bc_mult_2 
Execute       rtl_gen_preprocess koa_mult_h1 
INFO-FLOW: Model list for RTL generation: bc_mult bc_mult_1 bc_mult_2 koa_mult_h1
INFO: [HLS 200-10] ----------------------------------------------------------------
INFO: [HLS 200-10] -- Generating RTL for module 'bc_mult' 
INFO: [HLS 200-10] ----------------------------------------------------------------
Execute       get_config_rtl -module_prefix 
Execute       get_config_rtl -module_auto_prefix 
Execute       create_rtl_model bc_mult -vendor xilinx -mg_file C:/Users/namra/Documents/Documents/ece527/project/koa_mult/solution1/.autopilot/db/bc_mult.compgen.tcl 
INFO: [SYN 201-210] Renamed object name 'koa_mult_h1_mux_42_64_1_1' to 'koa_mult_h1_mux_4bkb' due to the length limit 20
INFO: [SYN 201-210] Renamed object name 'koa_mult_h1_mul_64ns_64ns_128_5_1' to 'koa_mult_h1_mul_6cud' due to the length limit 20
INFO: [SYN 201-210] Renamed object name 'koa_mult_h1_mux_42_321_1_1' to 'koa_mult_h1_mux_4dEe' due to the length limit 20
INFO: [SYN 201-210] Renamed object name 'koa_mult_h1_add_323ns_323ns_323_2_1' to 'koa_mult_h1_add_3eOg' due to the length limit 20
INFO: [SYN 201-210] Renamed object name 'koa_mult_h1_add_387ns_387ns_387_2_1' to 'koa_mult_h1_add_3fYi' due to the length limit 20
INFO: [SYN 201-210] Renamed object name 'koa_mult_h1_add_448ns_448ns_448_2_1' to 'koa_mult_h1_add_4g8j' due to the length limit 20
INFO: [SYN 201-210] Renamed object name 'koa_mult_h1_add_388ns_388ns_388_2_1' to 'koa_mult_h1_add_3hbi' due to the length limit 20
INFO: [RTGEN 206-100] Generating core module 'koa_mult_h1_add_3eOg': 1 instance(s).
INFO: [RTGEN 206-100] Generating core module 'koa_mult_h1_add_3fYi': 1 instance(s).
INFO: [RTGEN 206-100] Generating core module 'koa_mult_h1_add_3hbi': 1 instance(s).
INFO: [RTGEN 206-100] Generating core module 'koa_mult_h1_add_4g8j': 4 instance(s).
INFO: [RTGEN 206-100] Generating core module 'koa_mult_h1_mul_6cud': 4 instance(s).
INFO: [RTGEN 206-100] Generating core module 'koa_mult_h1_mux_4bkb': 1 instance(s).
INFO: [RTGEN 206-100] Generating core module 'koa_mult_h1_mux_4dEe': 4 instance(s).
INFO: [RTGEN 206-100] Finished creating RTL model for 'bc_mult'.
Command       create_rtl_model done; 0.115 sec.
INFO: [HLS 200-111]  Elapsed time: 0.258 seconds; current allocated memory: 157.889 MB.
Execute       source C:/Users/namra/Documents/Documents/ece527/project/koa_mult/solution1/.autopilot/db/koa_mult_h1.rtl_wrap.cfg.tcl 
Execute       gen_rtl bc_mult -style xilinx -tracefl mytrace -tracefmt vcd -traceopt all -f -lang sc -o C:/Users/namra/Documents/Documents/ece527/project/koa_mult/solution1/syn/systemc/bc_mult -synmodules bc_mult bc_mult_1 bc_mult_2 koa_mult_h1 
Execute       gen_rtl bc_mult -style xilinx -f -lang vhdl -o C:/Users/namra/Documents/Documents/ece527/project/koa_mult/solution1/syn/vhdl/bc_mult 
Execute       gen_rtl bc_mult -style xilinx -f -lang vlog -o C:/Users/namra/Documents/Documents/ece527/project/koa_mult/solution1/syn/verilog/bc_mult 
Execute       syn_report -csynth -model bc_mult -o C:/Users/namra/Documents/Documents/ece527/project/koa_mult/solution1/syn/report/bc_mult_csynth.rpt 
Execute       syn_report -rtlxml -model bc_mult -o C:/Users/namra/Documents/Documents/ece527/project/koa_mult/solution1/syn/report/bc_mult_csynth.xml 
Execute       syn_report -verbosereport -model bc_mult -o C:/Users/namra/Documents/Documents/ece527/project/koa_mult/solution1/.autopilot/db/bc_mult.verbose.rpt 
Execute       db_write -model bc_mult -f -o C:/Users/namra/Documents/Documents/ece527/project/koa_mult/solution1/.autopilot/db/bc_mult.adb 
Execute       gen_tb_info bc_mult -p C:/Users/namra/Documents/Documents/ece527/project/koa_mult/solution1/.autopilot/db -o C:/Users/namra/Documents/Documents/ece527/project/koa_mult/solution1/.autopilot/db/bc_mult 
INFO: [HLS 200-10] ----------------------------------------------------------------
INFO: [HLS 200-10] -- Generating RTL for module 'bc_mult_1' 
INFO: [HLS 200-10] ----------------------------------------------------------------
Execute       get_config_rtl -module_prefix 
Execute       get_config_rtl -module_auto_prefix 
Execute       create_rtl_model bc_mult_1 -vendor xilinx -mg_file C:/Users/namra/Documents/Documents/ece527/project/koa_mult/solution1/.autopilot/db/bc_mult_1.compgen.tcl 
INFO: [RTGEN 206-100] Generating core module 'koa_mult_h1_add_3eOg': 1 instance(s).
INFO: [RTGEN 206-100] Generating core module 'koa_mult_h1_add_3fYi': 1 instance(s).
INFO: [RTGEN 206-100] Generating core module 'koa_mult_h1_add_3hbi': 1 instance(s).
INFO: [RTGEN 206-100] Generating core module 'koa_mult_h1_add_4g8j': 4 instance(s).
INFO: [RTGEN 206-100] Generating core module 'koa_mult_h1_mul_6cud': 4 instance(s).
INFO: [RTGEN 206-100] Generating core module 'koa_mult_h1_mux_4bkb': 1 instance(s).
INFO: [RTGEN 206-100] Generating core module 'koa_mult_h1_mux_4dEe': 4 instance(s).
INFO: [RTGEN 206-100] Finished creating RTL model for 'bc_mult_1'.
INFO: [HLS 200-111]  Elapsed time: 0.491 seconds; current allocated memory: 158.979 MB.
Execute       source C:/Users/namra/Documents/Documents/ece527/project/koa_mult/solution1/.autopilot/db/koa_mult_h1.rtl_wrap.cfg.tcl 
Execute       gen_rtl bc_mult_1 -style xilinx -tracefl mytrace -tracefmt vcd -traceopt all -f -lang sc -o C:/Users/namra/Documents/Documents/ece527/project/koa_mult/solution1/syn/systemc/bc_mult_1 -synmodules bc_mult bc_mult_1 bc_mult_2 koa_mult_h1 
Execute       gen_rtl bc_mult_1 -style xilinx -f -lang vhdl -o C:/Users/namra/Documents/Documents/ece527/project/koa_mult/solution1/syn/vhdl/bc_mult_1 
Execute       gen_rtl bc_mult_1 -style xilinx -f -lang vlog -o C:/Users/namra/Documents/Documents/ece527/project/koa_mult/solution1/syn/verilog/bc_mult_1 
Execute       syn_report -csynth -model bc_mult_1 -o C:/Users/namra/Documents/Documents/ece527/project/koa_mult/solution1/syn/report/bc_mult_1_csynth.rpt 
Execute       syn_report -rtlxml -model bc_mult_1 -o C:/Users/namra/Documents/Documents/ece527/project/koa_mult/solution1/syn/report/bc_mult_1_csynth.xml 
Execute       syn_report -verbosereport -model bc_mult_1 -o C:/Users/namra/Documents/Documents/ece527/project/koa_mult/solution1/.autopilot/db/bc_mult_1.verbose.rpt 
Execute       db_write -model bc_mult_1 -f -o C:/Users/namra/Documents/Documents/ece527/project/koa_mult/solution1/.autopilot/db/bc_mult_1.adb 
Execute       gen_tb_info bc_mult_1 -p C:/Users/namra/Documents/Documents/ece527/project/koa_mult/solution1/.autopilot/db -o C:/Users/namra/Documents/Documents/ece527/project/koa_mult/solution1/.autopilot/db/bc_mult_1 
INFO: [HLS 200-10] ----------------------------------------------------------------
INFO: [HLS 200-10] -- Generating RTL for module 'bc_mult_2' 
INFO: [HLS 200-10] ----------------------------------------------------------------
Execute       get_config_rtl -module_prefix 
Execute       get_config_rtl -module_auto_prefix 
Execute       create_rtl_model bc_mult_2 -vendor xilinx -mg_file C:/Users/namra/Documents/Documents/ece527/project/koa_mult/solution1/.autopilot/db/bc_mult_2.compgen.tcl 
INFO: [SYN 201-210] Renamed object name 'koa_mult_h1_add_450ns_450ns_450_2_1' to 'koa_mult_h1_add_4ibs' due to the length limit 20
INFO: [RTGEN 206-100] Generating core module 'koa_mult_h1_add_3eOg': 1 instance(s).
INFO: [RTGEN 206-100] Generating core module 'koa_mult_h1_add_3fYi': 1 instance(s).
INFO: [RTGEN 206-100] Generating core module 'koa_mult_h1_add_3hbi': 1 instance(s).
INFO: [RTGEN 206-100] Generating core module 'koa_mult_h1_add_4ibs': 4 instance(s).
INFO: [RTGEN 206-100] Generating core module 'koa_mult_h1_mul_6cud': 4 instance(s).
INFO: [RTGEN 206-100] Generating core module 'koa_mult_h1_mux_4bkb': 1 instance(s).
INFO: [RTGEN 206-100] Generating core module 'koa_mult_h1_mux_4dEe': 4 instance(s).
INFO: [RTGEN 206-100] Finished creating RTL model for 'bc_mult_2'.
INFO: [HLS 200-111]  Elapsed time: 0.47 seconds; current allocated memory: 159.972 MB.
Execute       source C:/Users/namra/Documents/Documents/ece527/project/koa_mult/solution1/.autopilot/db/koa_mult_h1.rtl_wrap.cfg.tcl 
Execute       gen_rtl bc_mult_2 -style xilinx -tracefl mytrace -tracefmt vcd -traceopt all -f -lang sc -o C:/Users/namra/Documents/Documents/ece527/project/koa_mult/solution1/syn/systemc/bc_mult_2 -synmodules bc_mult bc_mult_1 bc_mult_2 koa_mult_h1 
Execute       gen_rtl bc_mult_2 -style xilinx -f -lang vhdl -o C:/Users/namra/Documents/Documents/ece527/project/koa_mult/solution1/syn/vhdl/bc_mult_2 
Execute       gen_rtl bc_mult_2 -style xilinx -f -lang vlog -o C:/Users/namra/Documents/Documents/ece527/project/koa_mult/solution1/syn/verilog/bc_mult_2 
Execute       syn_report -csynth -model bc_mult_2 -o C:/Users/namra/Documents/Documents/ece527/project/koa_mult/solution1/syn/report/bc_mult_2_csynth.rpt 
Execute       syn_report -rtlxml -model bc_mult_2 -o C:/Users/namra/Documents/Documents/ece527/project/koa_mult/solution1/syn/report/bc_mult_2_csynth.xml 
Execute       syn_report -verbosereport -model bc_mult_2 -o C:/Users/namra/Documents/Documents/ece527/project/koa_mult/solution1/.autopilot/db/bc_mult_2.verbose.rpt 
Execute       db_write -model bc_mult_2 -f -o C:/Users/namra/Documents/Documents/ece527/project/koa_mult/solution1/.autopilot/db/bc_mult_2.adb 
Execute       gen_tb_info bc_mult_2 -p C:/Users/namra/Documents/Documents/ece527/project/koa_mult/solution1/.autopilot/db -o C:/Users/namra/Documents/Documents/ece527/project/koa_mult/solution1/.autopilot/db/bc_mult_2 
INFO: [HLS 200-10] ----------------------------------------------------------------
INFO: [HLS 200-10] -- Generating RTL for module 'koa_mult_h1' 
INFO: [HLS 200-10] ----------------------------------------------------------------
Execute       get_config_rtl -module_prefix 
Execute       get_config_rtl -module_auto_prefix 
Execute       create_rtl_model koa_mult_h1 -vendor xilinx -mg_file C:/Users/namra/Documents/Documents/ece527/project/koa_mult/solution1/.autopilot/db/koa_mult_h1.compgen.tcl 
INFO: [RTGEN 206-500] Setting interface mode on port 'koa_mult_h1/a_V' to 'ap_none'.
INFO: [RTGEN 206-500] Setting interface mode on port 'koa_mult_h1/b_V' to 'ap_none'.
INFO: [RTGEN 206-500] Setting interface mode on port 'koa_mult_h1/c_V' to 'ap_vld'.
INFO: [RTGEN 206-500] Setting interface mode on function 'koa_mult_h1' to 'ap_ctrl_hs'.
INFO: [SYN 201-210] Renamed object name 'koa_mult_h1_sub_451ns_451ns_451_2_1' to 'koa_mult_h1_sub_4jbC' due to the length limit 20
INFO: [SYN 201-210] Renamed object name 'koa_mult_h1_add_896s_896ns_896_2_1' to 'koa_mult_h1_add_8kbM' due to the length limit 20
WARNING: [RTGEN 206-101] Port 'koa_mult_h1/b_V' has no fanin or fanout and is left dangling.
               Please use C simulation to confirm this function argument can be read from or written to.
INFO: [RTGEN 206-100] Generating core module 'koa_mult_h1_add_8kbM': 1 instance(s).
INFO: [RTGEN 206-100] Generating core module 'koa_mult_h1_sub_4jbC': 2 instance(s).
INFO: [RTGEN 206-100] Finished creating RTL model for 'koa_mult_h1'.
INFO: [HLS 200-111]  Elapsed time: 0.448 seconds; current allocated memory: 160.422 MB.
Execute       source C:/Users/namra/Documents/Documents/ece527/project/koa_mult/solution1/.autopilot/db/koa_mult_h1.rtl_wrap.cfg.tcl 
Execute       gen_rtl koa_mult_h1 -istop -style xilinx -tracefl mytrace -tracefmt vcd -traceopt all -f -lang sc -o C:/Users/namra/Documents/Documents/ece527/project/koa_mult/solution1/syn/systemc/koa_mult_h1 -synmodules bc_mult bc_mult_1 bc_mult_2 koa_mult_h1 
Execute       gen_rtl koa_mult_h1 -istop -style xilinx -f -lang vhdl -o C:/Users/namra/Documents/Documents/ece527/project/koa_mult/solution1/syn/vhdl/koa_mult_h1 
Execute       gen_rtl koa_mult_h1 -istop -style xilinx -f -lang vlog -o C:/Users/namra/Documents/Documents/ece527/project/koa_mult/solution1/syn/verilog/koa_mult_h1 
Execute       syn_report -csynth -model koa_mult_h1 -o C:/Users/namra/Documents/Documents/ece527/project/koa_mult/solution1/syn/report/koa_mult_h1_csynth.rpt 
Execute       syn_report -rtlxml -model koa_mult_h1 -o C:/Users/namra/Documents/Documents/ece527/project/koa_mult/solution1/syn/report/koa_mult_h1_csynth.xml 
Execute       syn_report -verbosereport -model koa_mult_h1 -o C:/Users/namra/Documents/Documents/ece527/project/koa_mult/solution1/.autopilot/db/koa_mult_h1.verbose.rpt 
Command       syn_report done; 0.109 sec.
Execute       db_write -model koa_mult_h1 -f -o C:/Users/namra/Documents/Documents/ece527/project/koa_mult/solution1/.autopilot/db/koa_mult_h1.adb 
Execute       gen_tb_info koa_mult_h1 -p C:/Users/namra/Documents/Documents/ece527/project/koa_mult/solution1/.autopilot/db -o C:/Users/namra/Documents/Documents/ece527/project/koa_mult/solution1/.autopilot/db/koa_mult_h1 
Execute       export_constraint_db -f -tool general -o C:/Users/namra/Documents/Documents/ece527/project/koa_mult/solution1/.autopilot/db/koa_mult_h1.constraint.tcl 
Execute       syn_report -designview -model koa_mult_h1 -o C:/Users/namra/Documents/Documents/ece527/project/koa_mult/solution1/.autopilot/db/koa_mult_h1.design.xml 
Execute       get_config_rtl -disable_wave_debug 
Execute       syn_report -wcfg -model koa_mult_h1 -o C:/Users/namra/Documents/Documents/ece527/project/koa_mult/solution1/.autopilot/db/koa_mult_h1_dataflow_ana.wcfg 
Execute       syn_report -protoinst -model koa_mult_h1 -o C:/Users/namra/Documents/Documents/ece527/project/koa_mult/solution1/.autopilot/db/koa_mult_h1.protoinst 
Execute       get_config_debug -directory 
Execute       sc_get_clocks koa_mult_h1 
Execute       get_config_export -vivado_clock 
Execute       sc_get_portdomain koa_mult_h1 
INFO-FLOW: Model list for RTL component generation: bc_mult bc_mult_1 bc_mult_2 koa_mult_h1
INFO-FLOW: Handling components in module [bc_mult] ... 
Execute       source C:/Users/namra/Documents/Documents/ece527/project/koa_mult/solution1/.autopilot/db/bc_mult.compgen.tcl 
INFO-FLOW: Found component koa_mult_h1_mux_4bkb.
INFO-FLOW: Append model koa_mult_h1_mux_4bkb
INFO-FLOW: Found component koa_mult_h1_mul_6cud.
INFO-FLOW: Append model koa_mult_h1_mul_6cud
INFO-FLOW: Found component koa_mult_h1_mux_4dEe.
INFO-FLOW: Append model koa_mult_h1_mux_4dEe
INFO-FLOW: Found component koa_mult_h1_add_3eOg.
INFO-FLOW: Append model koa_mult_h1_add_3eOg
INFO-FLOW: Found component koa_mult_h1_add_3fYi.
INFO-FLOW: Append model koa_mult_h1_add_3fYi
INFO-FLOW: Found component koa_mult_h1_add_4g8j.
INFO-FLOW: Append model koa_mult_h1_add_4g8j
INFO-FLOW: Found component koa_mult_h1_add_3hbi.
INFO-FLOW: Append model koa_mult_h1_add_3hbi
INFO-FLOW: Handling components in module [bc_mult_1] ... 
Execute       source C:/Users/namra/Documents/Documents/ece527/project/koa_mult/solution1/.autopilot/db/bc_mult_1.compgen.tcl 
INFO-FLOW: Handling components in module [bc_mult_2] ... 
Execute       source C:/Users/namra/Documents/Documents/ece527/project/koa_mult/solution1/.autopilot/db/bc_mult_2.compgen.tcl 
INFO-FLOW: Found component koa_mult_h1_add_4ibs.
INFO-FLOW: Append model koa_mult_h1_add_4ibs
INFO-FLOW: Handling components in module [koa_mult_h1] ... 
Execute       source C:/Users/namra/Documents/Documents/ece527/project/koa_mult/solution1/.autopilot/db/koa_mult_h1.compgen.tcl 
INFO-FLOW: Found component koa_mult_h1_sub_4jbC.
INFO-FLOW: Append model koa_mult_h1_sub_4jbC
INFO-FLOW: Found component koa_mult_h1_add_8kbM.
INFO-FLOW: Append model koa_mult_h1_add_8kbM
INFO-FLOW: Append model bc_mult
INFO-FLOW: Append model bc_mult_1
INFO-FLOW: Append model bc_mult_2
INFO-FLOW: Append model koa_mult_h1
INFO-FLOW: Generating RTL model list ...
INFO-FLOW: All models in this session: koa_mult_h1_mux_4bkb koa_mult_h1_mul_6cud koa_mult_h1_mux_4dEe koa_mult_h1_add_3eOg koa_mult_h1_add_3fYi koa_mult_h1_add_4g8j koa_mult_h1_add_3hbi koa_mult_h1_add_4ibs koa_mult_h1_sub_4jbC koa_mult_h1_add_8kbM bc_mult bc_mult_1 bc_mult_2 koa_mult_h1
INFO-FLOW: To file: write model koa_mult_h1_mux_4bkb
INFO-FLOW: To file: write model koa_mult_h1_mul_6cud
INFO-FLOW: To file: write model koa_mult_h1_mux_4dEe
INFO-FLOW: To file: write model koa_mult_h1_add_3eOg
INFO-FLOW: To file: write model koa_mult_h1_add_3fYi
INFO-FLOW: To file: write model koa_mult_h1_add_4g8j
INFO-FLOW: To file: write model koa_mult_h1_add_3hbi
INFO-FLOW: To file: write model koa_mult_h1_add_4ibs
INFO-FLOW: To file: write model koa_mult_h1_sub_4jbC
INFO-FLOW: To file: write model koa_mult_h1_add_8kbM
INFO-FLOW: To file: write model bc_mult
INFO-FLOW: To file: write model bc_mult_1
INFO-FLOW: To file: write model bc_mult_2
INFO-FLOW: To file: write model koa_mult_h1
INFO-FLOW: Finished generating RTL model list.


INFO-FLOW: RTL Generation done.
INFO-FLOW: CAS Generation done.
INFO-FLOW: CBC Generation done.
INFO-FLOW: DBG:CMD: auto_generate_csynth_design
INFO-FLOW: DBG:CMD:     auto_generate --sim-model -phase csynth_design -d C:/Users/namra/Documents/Documents/ece527/project/koa_mult/solution1
Execute       source C:/Users/namra/Documents/Documents/ece527/project/koa_mult/solution1/.autopilot/db/global.setting.tcl 
INFO-FLOW: DBG:CMD: read_platform_lib C:/Users/namra/Documents/Documents/ece527/project/koa_mult/solution1/.autopilot/db/global.setting.tcl
Execute       source C:/Xilinx/Vivado/2019.1/common/technology/generic/autopilot/common.gen 
Execute         source C:/Xilinx/Vivado/2019.1/common/technology/generic/autopilot/APCoreGen.gen 
Execute       source C:/Xilinx/Vivado/2019.1/common/technology/generic/autopilot/op.gen 
Execute       source C:/Xilinx/Vivado/2019.1/common/technology/generic/autopilot/op_simcore.gen 
Execute       source C:/Xilinx/Vivado/2019.1/common/technology/generic/autopilot/interface.gen 
Execute       source C:/Users/namra/Documents/Documents/ece527/project/koa_mult/solution1/.autopilot/db/global.setting.tcl 
Execute       source C:/Xilinx/Vivado/2019.1/common/technology/xilinx/zynq/zynq.gen 
Execute         source C:/Xilinx/Vivado/2019.1/common/technology/xilinx/common/xilinx.gen 
Execute           source C:/Xilinx/Vivado/2019.1/common/technology/xilinx/interface/plb46.gen 
Execute           source C:/Xilinx/Vivado/2019.1/common/technology/xilinx/interface/fsl.gen 
Execute           source C:/Xilinx/Vivado/2019.1/common/technology/xilinx/interface/axi4.gen 
Execute           source C:/Xilinx/Vivado/2019.1/common/technology/xilinx/interface/nativeAXI4.gen 
Execute             source C:/Xilinx/Vivado/2019.1/common/technology/xilinx/interface/saxilite.gen 
Execute             source C:/Xilinx/Vivado/2019.1/common/technology/xilinx/interface/maxi.gen 
Execute           source C:/Xilinx/Vivado/2019.1/common/technology/xilinx/scripts/xilinxcoregen.gen 
Execute           source C:/Xilinx/Vivado/2019.1/common/technology/xilinx/interface/XilEDKCoreGen.gen 
Execute           source C:/Xilinx/Vivado/2019.1/common/technology/xilinx/ip/dds_compiler.gen 
Execute           source C:/Xilinx/Vivado/2019.1/common/technology/xilinx/ip/util.gen 
Execute           source C:/Xilinx/Vivado/2019.1/common/technology/xilinx/ip/xfft.gen 
Command           ap_source done; 0.117 sec.
Execute           source C:/Xilinx/Vivado/2019.1/common/technology/xilinx/ip/xfir.gen 
Execute           source C:/Xilinx/Vivado/2019.1/common/technology/xilinx/common/dsp48.gen 
Command         ap_source done; 0.197 sec.
Command       ap_source done; 0.197 sec.
Execute       source C:/Xilinx/Vivado/2019.1/common/technology/xilinx/zynq/zynq_fpv6.gen 
Execute         source C:/Xilinx/Vivado/2019.1/common/technology/xilinx/common/xilinx_fp.gen 
INFO-FLOW: DBG:CMD:   using AESL_AUTOCG::g_clock_period=10.000 (was NA)
INFO-FLOW: DBG:CMD:       generate_ip_cores sim=1 export=0 expOnly=0 dstVlogDir=syn/verilog
Execute       source C:/Users/namra/Documents/Documents/ece527/project/koa_mult/solution1/.autopilot/db/global.setting.tcl 
Execute       ap_part_info -name xc7z020-clg400-1 -data names -quiet 
Execute       ap_part_info -name xc7z020-clg400-1 -data info -quiet 
Execute       source C:/Users/namra/Documents/Documents/ece527/project/koa_mult/solution1/.autopilot/db/global.setting.tcl 
Execute       source C:/Users/namra/Documents/Documents/ece527/project/koa_mult/solution1/.autopilot/db/global.setting.tcl 
Execute       source C:/Users/namra/Documents/Documents/ece527/project/koa_mult/solution1/.autopilot/db/bc_mult.compgen.tcl 
Execute         ap_part_info -name xc7z020-clg400-1 -data names -quiet 
Execute         ap_part_info -name xc7z020-clg400-1 -data info -quiet 
Execute         ap_part_info -name xc7z020-clg400-1 -data names -quiet 
Execute         ap_part_info -name xc7z020-clg400-1 -data info -quiet 
Execute         ap_part_info -name xc7z020-clg400-1 -data names -quiet 
Execute         ap_part_info -name xc7z020-clg400-1 -data info -quiet 
INFO: [RTMG 210-282] Generating pipelined core: 'koa_mult_h1_mul_6cud_MulnS_0'
Execute         ap_part_info -name xc7z020-clg400-1 -data names -quiet 
Execute         ap_part_info -name xc7z020-clg400-1 -data info -quiet 
Execute         ap_part_info -name xc7z020-clg400-1 -data names -quiet 
Execute         ap_part_info -name xc7z020-clg400-1 -data info -quiet 
INFO: [RTMG 210-283] Generating pipelined adder/subtractor : 'koa_mult_h1_add_3eOg_AddSubnS_0'
Execute         ap_part_info -name xc7z020-clg400-1 -data names -quiet 
Execute         ap_part_info -name xc7z020-clg400-1 -data info -quiet 
INFO: [RTMG 210-283] Generating pipelined adder/subtractor : 'koa_mult_h1_add_3fYi_AddSubnS_1'
Execute         ap_part_info -name xc7z020-clg400-1 -data names -quiet 
Execute         ap_part_info -name xc7z020-clg400-1 -data info -quiet 
INFO: [RTMG 210-283] Generating pipelined adder/subtractor : 'koa_mult_h1_add_4g8j_AddSubnS_2'
Execute         ap_part_info -name xc7z020-clg400-1 -data names -quiet 
Execute         ap_part_info -name xc7z020-clg400-1 -data info -quiet 
INFO: [RTMG 210-283] Generating pipelined adder/subtractor : 'koa_mult_h1_add_3hbi_AddSubnS_3'
Command       ap_source done; 0.211 sec.
Execute       source C:/Users/namra/Documents/Documents/ece527/project/koa_mult/solution1/.autopilot/db/bc_mult_1.compgen.tcl 
Execute       source C:/Users/namra/Documents/Documents/ece527/project/koa_mult/solution1/.autopilot/db/bc_mult_2.compgen.tcl 
Execute         ap_part_info -name xc7z020-clg400-1 -data names -quiet 
Execute         ap_part_info -name xc7z020-clg400-1 -data info -quiet 
INFO: [RTMG 210-283] Generating pipelined adder/subtractor : 'koa_mult_h1_add_4ibs_AddSubnS_4'
Execute       source C:/Users/namra/Documents/Documents/ece527/project/koa_mult/solution1/.autopilot/db/koa_mult_h1.compgen.tcl 
Execute         ap_part_info -name xc7z020-clg400-1 -data names -quiet 
Execute         ap_part_info -name xc7z020-clg400-1 -data info -quiet 
INFO: [RTMG 210-283] Generating pipelined adder/subtractor : 'koa_mult_h1_sub_4jbC_AddSubnS_5'
Execute         ap_part_info -name xc7z020-clg400-1 -data names -quiet 
Execute         ap_part_info -name xc7z020-clg400-1 -data info -quiet 
INFO: [RTMG 210-283] Generating pipelined adder/subtractor : 'koa_mult_h1_add_8kbM_AddSubnS_6'
INFO-FLOW: DBG:CMD:     auto_generate -export -impltomg_flag -rtl both -tool Vivado -pcore_version 1.00.a -phase csynth_design -d C:/Users/namra/Documents/Documents/ece527/project/koa_mult/solution1
Execute       source C:/Users/namra/Documents/Documents/ece527/project/koa_mult/solution1/.autopilot/db/global.setting.tcl 
INFO-FLOW: DBG:CMD: read_platform_lib C:/Users/namra/Documents/Documents/ece527/project/koa_mult/solution1/.autopilot/db/global.setting.tcl
Execute       source C:/Xilinx/Vivado/2019.1/common/technology/generic/autopilot/common.gen 
Execute         source C:/Xilinx/Vivado/2019.1/common/technology/generic/autopilot/APCoreGen.gen 
Execute       source C:/Xilinx/Vivado/2019.1/common/technology/generic/autopilot/op.gen 
Execute       source C:/Xilinx/Vivado/2019.1/common/technology/generic/autopilot/op_simcore.gen 
Execute       source C:/Xilinx/Vivado/2019.1/common/technology/generic/autopilot/interface.gen 
Execute       source C:/Users/namra/Documents/Documents/ece527/project/koa_mult/solution1/.autopilot/db/global.setting.tcl 
Execute       source C:/Xilinx/Vivado/2019.1/common/technology/xilinx/zynq/zynq.gen 
Execute         source C:/Xilinx/Vivado/2019.1/common/technology/xilinx/common/xilinx.gen 
Execute           source C:/Xilinx/Vivado/2019.1/common/technology/xilinx/interface/plb46.gen 
Execute           source C:/Xilinx/Vivado/2019.1/common/technology/xilinx/interface/fsl.gen 
Execute           source C:/Xilinx/Vivado/2019.1/common/technology/xilinx/interface/axi4.gen 
Execute           source C:/Xilinx/Vivado/2019.1/common/technology/xilinx/interface/nativeAXI4.gen 
Execute             source C:/Xilinx/Vivado/2019.1/common/technology/xilinx/interface/saxilite.gen 
Execute             source C:/Xilinx/Vivado/2019.1/common/technology/xilinx/interface/maxi.gen 
Execute           source C:/Xilinx/Vivado/2019.1/common/technology/xilinx/scripts/xilinxcoregen.gen 
Execute           source C:/Xilinx/Vivado/2019.1/common/technology/xilinx/interface/XilEDKCoreGen.gen 
Execute           source C:/Xilinx/Vivado/2019.1/common/technology/xilinx/ip/dds_compiler.gen 
Execute           source C:/Xilinx/Vivado/2019.1/common/technology/xilinx/ip/util.gen 
Execute           source C:/Xilinx/Vivado/2019.1/common/technology/xilinx/ip/xfft.gen 
Execute           source C:/Xilinx/Vivado/2019.1/common/technology/xilinx/ip/xfir.gen 
Execute           source C:/Xilinx/Vivado/2019.1/common/technology/xilinx/common/dsp48.gen 
Command         ap_source done; 0.124 sec.
Command       ap_source done; 0.124 sec.
Execute       source C:/Xilinx/Vivado/2019.1/common/technology/xilinx/zynq/zynq_fpv6.gen 
Execute         source C:/Xilinx/Vivado/2019.1/common/technology/xilinx/common/xilinx_fp.gen 
INFO-FLOW: DBG:CMD:       initCTypeInfo top_module=koa_mult_h1 xml_exists=0
Execute       source C:/Users/namra/Documents/Documents/ece527/project/koa_mult/solution1/.autopilot/db/koa_mult_h1.rtl_wrap.cfg.tcl 
Execute       source C:/Users/namra/Documents/Documents/ece527/project/koa_mult/solution1/.autopilot/db/koa_mult_h1.rtl_wrap.cfg.tcl 
Execute       source C:/Users/namra/Documents/Documents/ece527/project/koa_mult/solution1/.autopilot/db/koa_mult_h1.rtl_wrap.cfg.tcl 
Execute       source C:/Users/namra/Documents/Documents/ece527/project/koa_mult/solution1/.autopilot/db/koa_mult_h1.tbgen.tcl 
Execute       source C:/Users/namra/Documents/Documents/ece527/project/koa_mult/solution1/.autopilot/db/koa_mult_h1.tbgen.tcl 
INFO-FLOW: DBG:CMD:       export_impl_rtl
INFO-FLOW: DBG:CMD:       generate_ip_cores sim=0 export=0 expOnly=0 dstVlogDir=impl/.verilog
Execute       source C:/Users/namra/Documents/Documents/ece527/project/koa_mult/solution1/.autopilot/db/global.setting.tcl 
Execute       source C:/Users/namra/Documents/Documents/ece527/project/koa_mult/solution1/.autopilot/db/bc_mult.compgen.tcl 
Execute       source C:/Users/namra/Documents/Documents/ece527/project/koa_mult/solution1/.autopilot/db/bc_mult_1.compgen.tcl 
Execute       source C:/Users/namra/Documents/Documents/ece527/project/koa_mult/solution1/.autopilot/db/bc_mult_2.compgen.tcl 
Execute       source C:/Users/namra/Documents/Documents/ece527/project/koa_mult/solution1/.autopilot/db/koa_mult_h1.compgen.tcl 
INFO-FLOW: DBG:CMD:       generate_ip_cores sim=0 export=1 expOnly=1 dstVlogDir=impl/.pcores/verilog
Execute       source C:/Users/namra/Documents/Documents/ece527/project/koa_mult/solution1/.autopilot/db/global.setting.tcl 
Execute       source C:/Users/namra/Documents/Documents/ece527/project/koa_mult/solution1/.autopilot/db/bc_mult.compgen.tcl 
Execute       source C:/Users/namra/Documents/Documents/ece527/project/koa_mult/solution1/.autopilot/db/bc_mult_1.compgen.tcl 
Execute       source C:/Users/namra/Documents/Documents/ece527/project/koa_mult/solution1/.autopilot/db/bc_mult_2.compgen.tcl 
Execute       source C:/Users/namra/Documents/Documents/ece527/project/koa_mult/solution1/.autopilot/db/koa_mult_h1.compgen.tcl 
Execute         ap_part_info -name xc7z020-clg400-1 -data names -quiet 
Execute         ap_part_info -name xc7z020-clg400-1 -data info -quiet 
Execute         ap_part_info -name xc7z020-clg400-1 -data names -quiet 
Execute         ap_part_info -name xc7z020-clg400-1 -data info -quiet 
Execute         ap_part_info -name xc7z020-clg400-1 -data names -quiet 
Execute         ap_part_info -name xc7z020-clg400-1 -data info -quiet 
Execute         ap_part_info -name xc7z020-clg400-1 -data names -quiet 
Execute         ap_part_info -name xc7z020-clg400-1 -data info -quiet 
Execute         ap_part_info -name xc7z020-clg400-1 -data names -quiet 
Execute         ap_part_info -name xc7z020-clg400-1 -data info -quiet 
Execute         ap_part_info -name xc7z020-clg400-1 -data names -quiet 
Execute         ap_part_info -name xc7z020-clg400-1 -data info -quiet 
Execute         ap_part_info -name xc7z020-clg400-1 -data names -quiet 
Execute         ap_part_info -name xc7z020-clg400-1 -data info -quiet 
Execute         ap_part_info -name xc7z020-clg400-1 -data names -quiet 
Execute         ap_part_info -name xc7z020-clg400-1 -data info -quiet 
Execute         ap_part_info -name xc7z020-clg400-1 -data names -quiet 
Execute         ap_part_info -name xc7z020-clg400-1 -data info -quiet 
Execute       ap_part_info -name xc7z020-clg400-1 -data names -quiet 
Execute       ap_part_info -name xc7z020-clg400-1 -data info -quiet 
INFO-FLOW: DBG:CMD:       generate_ip_cores sim=0 export=0 expOnly=0 dstVlogDir=impl/.pcores/verilog_sim
Execute       source C:/Users/namra/Documents/Documents/ece527/project/koa_mult/solution1/.autopilot/db/global.setting.tcl 
Execute       source C:/Users/namra/Documents/Documents/ece527/project/koa_mult/solution1/.autopilot/db/bc_mult.compgen.tcl 
Execute       source C:/Users/namra/Documents/Documents/ece527/project/koa_mult/solution1/.autopilot/db/bc_mult_1.compgen.tcl 
Execute       source C:/Users/namra/Documents/Documents/ece527/project/koa_mult/solution1/.autopilot/db/bc_mult_2.compgen.tcl 
Execute       source C:/Users/namra/Documents/Documents/ece527/project/koa_mult/solution1/.autopilot/db/koa_mult_h1.compgen.tcl 
Execute       ap_part_info -name xc7z020-clg400-1 -data names -quiet 
Execute       ap_part_info -name xc7z020-clg400-1 -data info -quiet 
Execute       ap_part_info -name xc7z020-clg400-1 -data names -quiet 
Execute       ap_part_info -name xc7z020-clg400-1 -data info -quiet 
Execute       source C:/Users/namra/Documents/Documents/ece527/project/koa_mult/solution1/.autopilot/db/global.setting.tcl 
Execute       ap_part_info -name xc7z020-clg400-1 -data names -quiet 
Execute       ap_part_info -name xc7z020-clg400-1 -data info -quiet 
Execute       source C:/Users/namra/Documents/Documents/ece527/project/koa_mult/solution1/.autopilot/db/koa_mult_h1.constraint.tcl 
Execute       source C:/Users/namra/Documents/Documents/ece527/project/koa_mult/solution1/.autopilot/db/koa_mult_h1.tbgen.tcl 
INFO-FLOW: DBG:CMD:       hasPcoreIpAdapter=false #gSsdmPorts=6
INFO-FLOW: DBG:CMD: Skipping loadAnalyze_DB, #g_database=3
INFO-FLOW: DBG:CMD:       generate_json is_phase_csynth=1 g_has_adaptors=false generate_bd_files=0 #modelList=14 #gSsdmPorts=6
Execute       source C:/Xilinx/Vivado/2019.1/tps/tcl/tcllib1.11.1/fileutil/fileutil.tcl 
Execute         source C:/Xilinx/Vivado/2019.1/tps/tcl/tcllib1.11.1/cmdline/cmdline.tcl 
Execute       source C:/Users/namra/Documents/Documents/ece527/project/koa_mult/solution1/.autopilot/db/global.setting.tcl 
Execute       source C:/Users/namra/Documents/Documents/ece527/project/koa_mult/solution1/.autopilot/db/global.setting.tcl 
Execute       get_config_export -xo 
Execute       source C:/Users/namra/Documents/Documents/ece527/project/koa_mult/solution1/.autopilot/db/koa_mult_h1.tbgen.tcl 
Execute       source C:/Users/namra/Documents/Documents/ece527/project/koa_mult/solution1/.autopilot/db/koa_mult_h1.tbgen.tcl 
Execute       source C:/Users/namra/Documents/Documents/ece527/project/koa_mult/solution1/.autopilot/db/koa_mult_h1.tbgen.tcl 
Execute       source C:/Users/namra/Documents/Documents/ece527/project/koa_mult/solution1/.autopilot/db/global.setting.tcl 
Execute       get_config_sdx -target 
Execute       source C:/Users/namra/Documents/Documents/ece527/project/koa_mult/solution1/.autopilot/db/koa_mult_h1.rtl_wrap.cfg.tcl 
Execute       source C:/Users/namra/Documents/Documents/ece527/project/koa_mult/solution1/.autopilot/db/koa_mult_h1.compgen.dataonly.tcl 
Execute       source C:/Users/namra/Documents/Documents/ece527/project/koa_mult/solution1/.autopilot/db/global.setting.tcl 
Execute       ap_part_info -name xc7z020-clg400-1 -data names -quiet 
Execute       ap_part_info -name xc7z020-clg400-1 -data info -quiet 
Execute       source C:/Users/namra/Documents/Documents/ece527/project/koa_mult/solution1/.autopilot/db/koa_mult_h1.constraint.tcl 
Execute       sc_get_clocks koa_mult_h1 
Execute       ap_part_info -name xc7z020-clg400-1 -data names -quiet 
Execute       ap_part_info -name xc7z020-clg400-1 -data info -quiet 
Execute       source C:/Users/namra/Documents/Documents/ece527/project/koa_mult/solution1/.autopilot/db/global.setting.tcl 
Execute       get_config_debug -directory 
Execute       source C:/Users/namra/Documents/Documents/ece527/project/koa_mult/solution1/.autopilot/db/bc_mult.tbgen.tcl 
Execute       source C:/Users/namra/Documents/Documents/ece527/project/koa_mult/solution1/.autopilot/db/bc_mult_1.tbgen.tcl 
Execute       source C:/Users/namra/Documents/Documents/ece527/project/koa_mult/solution1/.autopilot/db/bc_mult_2.tbgen.tcl 
Execute       source C:/Users/namra/Documents/Documents/ece527/project/koa_mult/solution1/.autopilot/db/koa_mult_h1.tbgen.tcl 
Execute       get_config_sdx -target 
Execute       get_config_sdx -profile 
Execute       get_config_rtl -kernel_profile 
Execute       get_config_rtl -stall_sig_gen 
Execute       get_config_rtl -profile 
INFO-FLOW: DBG:CMD: add_json_sdx_info kernel file does not exist, skipping opencl info: C:/Users/namra/Documents/Documents/ece527/project/koa_mult/solution1/.autopilot/db/kernel.internal.xml
INFO-FLOW: DBG:CMD:       delete-temp-dirs (skipped for debug)
INFO: [HLS 200-111] Finished generating all RTL models Time (s): cpu = 00:00:05 ; elapsed = 00:00:23 . Memory (MB): peak = 225.246 ; gain = 133.898
INFO: [VHDL 208-304] Generating VHDL RTL for koa_mult_h1.
INFO: [VLOG 209-307] Generating Verilog RTL for koa_mult_h1.
Command     autosyn done; 4.665 sec.
Command   csynth_design done; 21.611 sec.
Command ap_source done; 22.508 sec.
Execute cleanup_all 
